/tmp/john doesn't exist!
/tmp/scott doesn't exist!
/tmp/tolga doesn't exist!
/home/harun/Desktop/testrepo/tmp/tmp/file100000000 doesn't exist!
/home/harun/Desktop/testrepo/tmp/tmp/file1 deleted!
/home/harun/Desktop/testrepo/tmp/tmp/file10 deleted!
/home/harun/Desktop/testrepo/tmp/tmp/file100 deleted!
/home/harun/Desktop/testrepo/tmp/tmp/file101 deleted!
/home/harun/Desktop/testrepo/tmp/tmp/file102 deleted!
/home/harun/Desktop/testrepo/tmp/tmp/file103 deleted!
/home/harun/Desktop/testrepo/tmp/tmp/file104 deleted!
/home/harun/Desktop/testrepo/tmp/tmp/file105 deleted!
/home/harun/Desktop/testrepo/tmp/tmp/file106 deleted!
/home/harun/Desktop/testrepo/tmp/tmp/file107 deleted!
/home/harun/Desktop/testrepo/tmp/tmp/file108 deleted!
/home/harun/Desktop/testrepo/tmp/tmp/file109 deleted!
/home/harun/Desktop/testrepo/tmp/tmp/file11 deleted!
/home/harun/Desktop/testrepo/tmp/tmp/file110 deleted!
/home/harun/Desktop/testrepo/tmp/tmp/file111 deleted!
/home/harun/Desktop/testrepo/tmp/tmp/file112 deleted!
/home/harun/Desktop/testrepo/tmp/tmp/file113 deleted!
/home/harun/Desktop/testrepo/tmp/tmp/file114 deleted!
/home/harun/Desktop/testrepo/tmp/tmp/file115 deleted!
/home/harun/Desktop/testrepo/tmp/tmp/file116 deleted!
/home/harun/Desktop/testrepo/tmp/tmp/file117 deleted!
/home/harun/Desktop/testrepo/tmp/tmp/file118 deleted!
/home/harun/Desktop/testrepo/tmp/tmp/file119 deleted!
/home/harun/Desktop/testrepo/tmp/tmp/file12 deleted!
/home/harun/Desktop/testrepo/tmp/tmp/file120 deleted!
/home/harun/Desktop/testrepo/tmp/tmp/file121 deleted!
/home/harun/Desktop/testrepo/tmp/tmp/file122 deleted!
/home/harun/Desktop/testrepo/tmp/tmp/file123 deleted!
/home/harun/Desktop/testrepo/tmp/tmp/file124 deleted!
/home/harun/Desktop/testrepo/tmp/tmp/file125 deleted!
/home/harun/Desktop/testrepo/tmp/tmp/file126 deleted!
/home/harun/Desktop/testrepo/tmp/tmp/file127 deleted!
/home/harun/Desktop/testrepo/tmp/tmp/file128 deleted!
/home/harun/Desktop/testrepo/tmp/tmp/file129 deleted!
/home/harun/Desktop/testrepo/tmp/tmp/file13 deleted!
/home/harun/Desktop/testrepo/tmp/tmp/file130 deleted!
/home/harun/Desktop/testrepo/tmp/tmp/file131 deleted!
/home/harun/Desktop/testrepo/tmp/tmp/file132 deleted!
/home/harun/Desktop/testrepo/tmp/tmp/file133 deleted!
/home/harun/Desktop/testrepo/tmp/tmp/file134 deleted!
/home/harun/Desktop/testrepo/tmp/tmp/file135 deleted!
/home/harun/Desktop/testrepo/tmp/tmp/file136 deleted!
/home/harun/Desktop/testrepo/tmp/tmp/file137 deleted!
/home/harun/Desktop/testrepo/tmp/tmp/file138 deleted!
/home/harun/Desktop/testrepo/tmp/tmp/file139 deleted!
/home/harun/Desktop/testrepo/tmp/tmp/file14 deleted!
/home/harun/Desktop/testrepo/tmp/tmp/file140 deleted!
/home/harun/Desktop/testrepo/tmp/tmp/file141 deleted!
/home/harun/Desktop/testrepo/tmp/tmp/file142 deleted!
/home/harun/Desktop/testrepo/tmp/tmp/file143 deleted!
/home/harun/Desktop/testrepo/tmp/tmp/file144 deleted!
/home/harun/Desktop/testrepo/tmp/tmp/file145 deleted!
/home/harun/Desktop/testrepo/tmp/tmp/file146 deleted!
/home/harun/Desktop/testrepo/tmp/tmp/file147 deleted!
/home/harun/Desktop/testrepo/tmp/tmp/file148 deleted!
/home/harun/Desktop/testrepo/tmp/tmp/file149 deleted!
/home/harun/Desktop/testrepo/tmp/tmp/file15 deleted!
/home/harun/Desktop/testrepo/tmp/tmp/file150 deleted!
/home/harun/Desktop/testrepo/tmp/tmp/file151 deleted!
/home/harun/Desktop/testrepo/tmp/tmp/file152 deleted!
/home/harun/Desktop/testrepo/tmp/tmp/file153 deleted!
/home/harun/Desktop/testrepo/tmp/tmp/file154 deleted!
/home/harun/Desktop/testrepo/tmp/tmp/file155 deleted!
/home/harun/Desktop/testrepo/tmp/tmp/file156 deleted!
/home/harun/Desktop/testrepo/tmp/tmp/file157 deleted!
/home/harun/Desktop/testrepo/tmp/tmp/file158 deleted!
/home/harun/Desktop/testrepo/tmp/tmp/file159 deleted!
/home/harun/Desktop/testrepo/tmp/tmp/file16 deleted!
/home/harun/Desktop/testrepo/tmp/tmp/file160 deleted!
/home/harun/Desktop/testrepo/tmp/tmp/file161 deleted!
/home/harun/Desktop/testrepo/tmp/tmp/file162 deleted!
/home/harun/Desktop/testrepo/tmp/tmp/file163 deleted!
/home/harun/Desktop/testrepo/tmp/tmp/file164 deleted!
/home/harun/Desktop/testrepo/tmp/tmp/file165 deleted!
/home/harun/Desktop/testrepo/tmp/tmp/file166 deleted!
/home/harun/Desktop/testrepo/tmp/tmp/file167 deleted!
/home/harun/Desktop/testrepo/tmp/tmp/file168 deleted!
/home/harun/Desktop/testrepo/tmp/tmp/file169 deleted!
/home/harun/Desktop/testrepo/tmp/tmp/file17 deleted!
/home/harun/Desktop/testrepo/tmp/tmp/file170 deleted!
/home/harun/Desktop/testrepo/tmp/tmp/file171 deleted!
/home/harun/Desktop/testrepo/tmp/tmp/file172 deleted!
/home/harun/Desktop/testrepo/tmp/tmp/file173 deleted!
/home/harun/Desktop/testrepo/tmp/tmp/file174 deleted!
/home/harun/Desktop/testrepo/tmp/tmp/file175 deleted!
/home/harun/Desktop/testrepo/tmp/tmp/file176 deleted!
/home/harun/Desktop/testrepo/tmp/tmp/file177 deleted!
/home/harun/Desktop/testrepo/tmp/tmp/file178 deleted!
/home/harun/Desktop/testrepo/tmp/tmp/file179 deleted!
/home/harun/Desktop/testrepo/tmp/tmp/file18 deleted!
/home/harun/Desktop/testrepo/tmp/tmp/file180 deleted!
/home/harun/Desktop/testrepo/tmp/tmp/file181 deleted!
/home/harun/Desktop/testrepo/tmp/tmp/file182 deleted!
/home/harun/Desktop/testrepo/tmp/tmp/file183 deleted!
/home/harun/Desktop/testrepo/tmp/tmp/file184 deleted!
/home/harun/Desktop/testrepo/tmp/tmp/file185 deleted!
/home/harun/Desktop/testrepo/tmp/tmp/file186 deleted!
/home/harun/Desktop/testrepo/tmp/tmp/file187 deleted!
/home/harun/Desktop/testrepo/tmp/tmp/file188 deleted!
/home/harun/Desktop/testrepo/tmp/tmp/file189 deleted!
/home/harun/Desktop/testrepo/tmp/tmp/file19 deleted!
/home/harun/Desktop/testrepo/tmp/tmp/file190 deleted!
/home/harun/Desktop/testrepo/tmp/tmp/file191 deleted!
/home/harun/Desktop/testrepo/tmp/tmp/file192 deleted!
/home/harun/Desktop/testrepo/tmp/tmp/file193 deleted!
/home/harun/Desktop/testrepo/tmp/tmp/file194 deleted!
/home/harun/Desktop/testrepo/tmp/tmp/file195 deleted!
/home/harun/Desktop/testrepo/tmp/tmp/file196 deleted!
/home/harun/Desktop/testrepo/tmp/tmp/file197 deleted!
/home/harun/Desktop/testrepo/tmp/tmp/file198 deleted!
/home/harun/Desktop/testrepo/tmp/tmp/file199 deleted!
/home/harun/Desktop/testrepo/tmp/tmp/file2 deleted!
/home/harun/Desktop/testrepo/tmp/tmp/file20 deleted!
/home/harun/Desktop/testrepo/tmp/tmp/file200 deleted!
/home/harun/Desktop/testrepo/tmp/tmp/file201 deleted!
/home/harun/Desktop/testrepo/tmp/tmp/file202 deleted!
/home/harun/Desktop/testrepo/tmp/tmp/file203 deleted!
/home/harun/Desktop/testrepo/tmp/tmp/file204 deleted!
/home/harun/Desktop/testrepo/tmp/tmp/file205 deleted!
/home/harun/Desktop/testrepo/tmp/tmp/file206 deleted!
/home/harun/Desktop/testrepo/tmp/tmp/file207 deleted!
/home/harun/Desktop/testrepo/tmp/tmp/file208 deleted!
/home/harun/Desktop/testrepo/tmp/tmp/file209 deleted!
/home/harun/Desktop/testrepo/tmp/tmp/file21 deleted!
/home/harun/Desktop/testrepo/tmp/tmp/file210 deleted!
/home/harun/Desktop/testrepo/tmp/tmp/file211 deleted!
/home/harun/Desktop/testrepo/tmp/tmp/file212 deleted!
/home/harun/Desktop/testrepo/tmp/tmp/file213 deleted!
/home/harun/Desktop/testrepo/tmp/tmp/file214 deleted!
/home/harun/Desktop/testrepo/tmp/tmp/file215 deleted!
/home/harun/Desktop/testrepo/tmp/tmp/file216 deleted!
/home/harun/Desktop/testrepo/tmp/tmp/file217 deleted!
/home/harun/Desktop/testrepo/tmp/tmp/file218 deleted!
/home/harun/Desktop/testrepo/tmp/tmp/file219 deleted!
/home/harun/Desktop/testrepo/tmp/tmp/file22 deleted!
/home/harun/Desktop/testrepo/tmp/tmp/file220 deleted!
/home/harun/Desktop/testrepo/tmp/tmp/file221 deleted!
/home/harun/Desktop/testrepo/tmp/tmp/file222 deleted!
/home/harun/Desktop/testrepo/tmp/tmp/file223 deleted!
/home/harun/Desktop/testrepo/tmp/tmp/file224 deleted!
/home/harun/Desktop/testrepo/tmp/tmp/file225 deleted!
/home/harun/Desktop/testrepo/tmp/tmp/file226 deleted!
/home/harun/Desktop/testrepo/tmp/tmp/file227 deleted!
/home/harun/Desktop/testrepo/tmp/tmp/file228 deleted!
/home/harun/Desktop/testrepo/tmp/tmp/file229 deleted!
/home/harun/Desktop/testrepo/tmp/tmp/file23 deleted!
/home/harun/Desktop/testrepo/tmp/tmp/file230 deleted!
/home/harun/Desktop/testrepo/tmp/tmp/file231 deleted!
/home/harun/Desktop/testrepo/tmp/tmp/file232 deleted!
/home/harun/Desktop/testrepo/tmp/tmp/file233 deleted!
/home/harun/Desktop/testrepo/tmp/tmp/file234 deleted!
/home/harun/Desktop/testrepo/tmp/tmp/file235 deleted!
/home/harun/Desktop/testrepo/tmp/tmp/file236 deleted!
/home/harun/Desktop/testrepo/tmp/tmp/file237 deleted!
/home/harun/Desktop/testrepo/tmp/tmp/file238 deleted!
/home/harun/Desktop/testrepo/tmp/tmp/file239 deleted!
/home/harun/Desktop/testrepo/tmp/tmp/file24 deleted!
/home/harun/Desktop/testrepo/tmp/tmp/file240 deleted!
/home/harun/Desktop/testrepo/tmp/tmp/file241 deleted!
/home/harun/Desktop/testrepo/tmp/tmp/file242 deleted!
/home/harun/Desktop/testrepo/tmp/tmp/file243 deleted!
/home/harun/Desktop/testrepo/tmp/tmp/file244 deleted!
/home/harun/Desktop/testrepo/tmp/tmp/file245 deleted!
/home/harun/Desktop/testrepo/tmp/tmp/file246 deleted!
/home/harun/Desktop/testrepo/tmp/tmp/file247 deleted!
/home/harun/Desktop/testrepo/tmp/tmp/file248 deleted!
/home/harun/Desktop/testrepo/tmp/tmp/file249 deleted!
/home/harun/Desktop/testrepo/tmp/tmp/file25 deleted!
/home/harun/Desktop/testrepo/tmp/tmp/file250 deleted!
/home/harun/Desktop/testrepo/tmp/tmp/file251 deleted!
/home/harun/Desktop/testrepo/tmp/tmp/file252 deleted!
/home/harun/Desktop/testrepo/tmp/tmp/file253 deleted!
/home/harun/Desktop/testrepo/tmp/tmp/file254 deleted!
/home/harun/Desktop/testrepo/tmp/tmp/file255 deleted!
/home/harun/Desktop/testrepo/tmp/tmp/file256 deleted!
/home/harun/Desktop/testrepo/tmp/tmp/file257 deleted!
/home/harun/Desktop/testrepo/tmp/tmp/file258 deleted!
/home/harun/Desktop/testrepo/tmp/tmp/file259 deleted!
/home/harun/Desktop/testrepo/tmp/tmp/file26 deleted!
/home/harun/Desktop/testrepo/tmp/tmp/file260 deleted!
/home/harun/Desktop/testrepo/tmp/tmp/file261 deleted!
/home/harun/Desktop/testrepo/tmp/tmp/file262 deleted!
/home/harun/Desktop/testrepo/tmp/tmp/file263 deleted!
/home/harun/Desktop/testrepo/tmp/tmp/file264 deleted!
/home/harun/Desktop/testrepo/tmp/tmp/file265 deleted!
/home/harun/Desktop/testrepo/tmp/tmp/file266 deleted!
/home/harun/Desktop/testrepo/tmp/tmp/file267 deleted!
/home/harun/Desktop/testrepo/tmp/tmp/file268 deleted!
/home/harun/Desktop/testrepo/tmp/tmp/file269 deleted!
/home/harun/Desktop/testrepo/tmp/tmp/file27 deleted!
/home/harun/Desktop/testrepo/tmp/tmp/file270 deleted!
/home/harun/Desktop/testrepo/tmp/tmp/file271 deleted!
/home/harun/Desktop/testrepo/tmp/tmp/file272 deleted!
/home/harun/Desktop/testrepo/tmp/tmp/file273 deleted!
/home/harun/Desktop/testrepo/tmp/tmp/file274 deleted!
/home/harun/Desktop/testrepo/tmp/tmp/file275 deleted!
/home/harun/Desktop/testrepo/tmp/tmp/file276 deleted!
/home/harun/Desktop/testrepo/tmp/tmp/file277 deleted!
/home/harun/Desktop/testrepo/tmp/tmp/file278 deleted!
/home/harun/Desktop/testrepo/tmp/tmp/file279 deleted!
/home/harun/Desktop/testrepo/tmp/tmp/file28 deleted!
/home/harun/Desktop/testrepo/tmp/tmp/file280 deleted!
/home/harun/Desktop/testrepo/tmp/tmp/file281 deleted!
/home/harun/Desktop/testrepo/tmp/tmp/file282 deleted!
/home/harun/Desktop/testrepo/tmp/tmp/file283 deleted!
/home/harun/Desktop/testrepo/tmp/tmp/file284 deleted!
/home/harun/Desktop/testrepo/tmp/tmp/file285 deleted!
/home/harun/Desktop/testrepo/tmp/tmp/file286 deleted!
/home/harun/Desktop/testrepo/tmp/tmp/file287 deleted!
/home/harun/Desktop/testrepo/tmp/tmp/file288 deleted!
/home/harun/Desktop/testrepo/tmp/tmp/file289 deleted!
/home/harun/Desktop/testrepo/tmp/tmp/file29 deleted!
/home/harun/Desktop/testrepo/tmp/tmp/file290 deleted!
/home/harun/Desktop/testrepo/tmp/tmp/file291 deleted!
/home/harun/Desktop/testrepo/tmp/tmp/file292 deleted!
/home/harun/Desktop/testrepo/tmp/tmp/file293 deleted!
/home/harun/Desktop/testrepo/tmp/tmp/file294 deleted!
/home/harun/Desktop/testrepo/tmp/tmp/file295 deleted!
/home/harun/Desktop/testrepo/tmp/tmp/file296 deleted!
/home/harun/Desktop/testrepo/tmp/tmp/file297 deleted!
/home/harun/Desktop/testrepo/tmp/tmp/file298 deleted!
/home/harun/Desktop/testrepo/tmp/tmp/file299 deleted!
/home/harun/Desktop/testrepo/tmp/tmp/file3 deleted!
/home/harun/Desktop/testrepo/tmp/tmp/file30 deleted!
/home/harun/Desktop/testrepo/tmp/tmp/file300 deleted!
/home/harun/Desktop/testrepo/tmp/tmp/file301 deleted!
/home/harun/Desktop/testrepo/tmp/tmp/file302 deleted!
/home/harun/Desktop/testrepo/tmp/tmp/file303 deleted!
/home/harun/Desktop/testrepo/tmp/tmp/file304 deleted!
/home/harun/Desktop/testrepo/tmp/tmp/file305 deleted!
/home/harun/Desktop/testrepo/tmp/tmp/file306 deleted!
/home/harun/Desktop/testrepo/tmp/tmp/file307 deleted!
/home/harun/Desktop/testrepo/tmp/tmp/file308 deleted!
/home/harun/Desktop/testrepo/tmp/tmp/file309 deleted!
/home/harun/Desktop/testrepo/tmp/tmp/file31 deleted!
/home/harun/Desktop/testrepo/tmp/tmp/file310 deleted!
/home/harun/Desktop/testrepo/tmp/tmp/file311 deleted!
/home/harun/Desktop/testrepo/tmp/tmp/file312 deleted!
/home/harun/Desktop/testrepo/tmp/tmp/file313 deleted!
/home/harun/Desktop/testrepo/tmp/tmp/file314 deleted!
/home/harun/Desktop/testrepo/tmp/tmp/file315 deleted!
/home/harun/Desktop/testrepo/tmp/tmp/file316 deleted!
/home/harun/Desktop/testrepo/tmp/tmp/file317 deleted!
/home/harun/Desktop/testrepo/tmp/tmp/file318 deleted!
/home/harun/Desktop/testrepo/tmp/tmp/file319 deleted!
/home/harun/Desktop/testrepo/tmp/tmp/file32 deleted!
/home/harun/Desktop/testrepo/tmp/tmp/file320 deleted!
/home/harun/Desktop/testrepo/tmp/tmp/file321 deleted!
/home/harun/Desktop/testrepo/tmp/tmp/file322 deleted!
/home/harun/Desktop/testrepo/tmp/tmp/file323 deleted!
/home/harun/Desktop/testrepo/tmp/tmp/file324 deleted!
/home/harun/Desktop/testrepo/tmp/tmp/file325 deleted!
/home/harun/Desktop/testrepo/tmp/tmp/file326 deleted!
/home/harun/Desktop/testrepo/tmp/tmp/file327 deleted!
/home/harun/Desktop/testrepo/tmp/tmp/file328 deleted!
/home/harun/Desktop/testrepo/tmp/tmp/file329 deleted!
/home/harun/Desktop/testrepo/tmp/tmp/file33 deleted!
/home/harun/Desktop/testrepo/tmp/tmp/file330 deleted!
/home/harun/Desktop/testrepo/tmp/tmp/file331 deleted!
/home/harun/Desktop/testrepo/tmp/tmp/file332 deleted!
/home/harun/Desktop/testrepo/tmp/tmp/file333 deleted!
/home/harun/Desktop/testrepo/tmp/tmp/file334 deleted!
/home/harun/Desktop/testrepo/tmp/tmp/file335 deleted!
/home/harun/Desktop/testrepo/tmp/tmp/file336 deleted!
/home/harun/Desktop/testrepo/tmp/tmp/file337 deleted!
/home/harun/Desktop/testrepo/tmp/tmp/file338 deleted!
/home/harun/Desktop/testrepo/tmp/tmp/file339 deleted!
/home/harun/Desktop/testrepo/tmp/tmp/file34 deleted!
/home/harun/Desktop/testrepo/tmp/tmp/file340 deleted!
/home/harun/Desktop/testrepo/tmp/tmp/file341 deleted!
/home/harun/Desktop/testrepo/tmp/tmp/file342 deleted!
/home/harun/Desktop/testrepo/tmp/tmp/file343 deleted!
/home/harun/Desktop/testrepo/tmp/tmp/file344 deleted!
/home/harun/Desktop/testrepo/tmp/tmp/file345 deleted!
/home/harun/Desktop/testrepo/tmp/tmp/file346 deleted!
/home/harun/Desktop/testrepo/tmp/tmp/file347 deleted!
/home/harun/Desktop/testrepo/tmp/tmp/file348 deleted!
/home/harun/Desktop/testrepo/tmp/tmp/file349 deleted!
/home/harun/Desktop/testrepo/tmp/tmp/file35 deleted!
/home/harun/Desktop/testrepo/tmp/tmp/file350 deleted!
/home/harun/Desktop/testrepo/tmp/tmp/file351 deleted!
/home/harun/Desktop/testrepo/tmp/tmp/file352 deleted!
/home/harun/Desktop/testrepo/tmp/tmp/file353 deleted!
/home/harun/Desktop/testrepo/tmp/tmp/file354 deleted!
/home/harun/Desktop/testrepo/tmp/tmp/file355 deleted!
/home/harun/Desktop/testrepo/tmp/tmp/file356 deleted!
/home/harun/Desktop/testrepo/tmp/tmp/file357 deleted!
/home/harun/Desktop/testrepo/tmp/tmp/file358 deleted!
/home/harun/Desktop/testrepo/tmp/tmp/file359 deleted!
/home/harun/Desktop/testrepo/tmp/tmp/file36 deleted!
/home/harun/Desktop/testrepo/tmp/tmp/file360 deleted!
/home/harun/Desktop/testrepo/tmp/tmp/file361 deleted!
/home/harun/Desktop/testrepo/tmp/tmp/file362 deleted!
/home/harun/Desktop/testrepo/tmp/tmp/file363 deleted!
/home/harun/Desktop/testrepo/tmp/tmp/file364 deleted!
/home/harun/Desktop/testrepo/tmp/tmp/file365 deleted!
/home/harun/Desktop/testrepo/tmp/tmp/file366 deleted!
/home/harun/Desktop/testrepo/tmp/tmp/file367 deleted!
/home/harun/Desktop/testrepo/tmp/tmp/file368 deleted!
/home/harun/Desktop/testrepo/tmp/tmp/file369 deleted!
/home/harun/Desktop/testrepo/tmp/tmp/file37 deleted!
/home/harun/Desktop/testrepo/tmp/tmp/file370 deleted!
/home/harun/Desktop/testrepo/tmp/tmp/file371 deleted!
/home/harun/Desktop/testrepo/tmp/tmp/file372 deleted!
/home/harun/Desktop/testrepo/tmp/tmp/file373 deleted!
/home/harun/Desktop/testrepo/tmp/tmp/file374 deleted!
/home/harun/Desktop/testrepo/tmp/tmp/file375 deleted!
/home/harun/Desktop/testrepo/tmp/tmp/file376 deleted!
/home/harun/Desktop/testrepo/tmp/tmp/file377 deleted!
/home/harun/Desktop/testrepo/tmp/tmp/file378 deleted!
/home/harun/Desktop/testrepo/tmp/tmp/file379 deleted!
/home/harun/Desktop/testrepo/tmp/tmp/file38 deleted!
/home/harun/Desktop/testrepo/tmp/tmp/file380 deleted!
/home/harun/Desktop/testrepo/tmp/tmp/file381 deleted!
/home/harun/Desktop/testrepo/tmp/tmp/file382 deleted!
/home/harun/Desktop/testrepo/tmp/tmp/file383 deleted!
/home/harun/Desktop/testrepo/tmp/tmp/file384 deleted!
/home/harun/Desktop/testrepo/tmp/tmp/file385 deleted!
/home/harun/Desktop/testrepo/tmp/tmp/file386 deleted!
/home/harun/Desktop/testrepo/tmp/tmp/file387 deleted!
/home/harun/Desktop/testrepo/tmp/tmp/file388 deleted!
/home/harun/Desktop/testrepo/tmp/tmp/file389 deleted!
/home/harun/Desktop/testrepo/tmp/tmp/file39 deleted!
/home/harun/Desktop/testrepo/tmp/tmp/file390 deleted!
/home/harun/Desktop/testrepo/tmp/tmp/file391 deleted!
/home/harun/Desktop/testrepo/tmp/tmp/file392 deleted!
/home/harun/Desktop/testrepo/tmp/tmp/file393 deleted!
/home/harun/Desktop/testrepo/tmp/tmp/file394 deleted!
/home/harun/Desktop/testrepo/tmp/tmp/file395 deleted!
/home/harun/Desktop/testrepo/tmp/tmp/file396 deleted!
/home/harun/Desktop/testrepo/tmp/tmp/file397 deleted!
/home/harun/Desktop/testrepo/tmp/tmp/file398 deleted!
/home/harun/Desktop/testrepo/tmp/tmp/file399 deleted!
/home/harun/Desktop/testrepo/tmp/tmp/file4 deleted!
/home/harun/Desktop/testrepo/tmp/tmp/file40 deleted!
/home/harun/Desktop/testrepo/tmp/tmp/file400 deleted!
/home/harun/Desktop/testrepo/tmp/tmp/file401 deleted!
/home/harun/Desktop/testrepo/tmp/tmp/file402 deleted!
/home/harun/Desktop/testrepo/tmp/tmp/file403 deleted!
/home/harun/Desktop/testrepo/tmp/tmp/file404 deleted!
/home/harun/Desktop/testrepo/tmp/tmp/file405 deleted!
/home/harun/Desktop/testrepo/tmp/tmp/file406 deleted!
/home/harun/Desktop/testrepo/tmp/tmp/file407 deleted!
/home/harun/Desktop/testrepo/tmp/tmp/file408 deleted!
/home/harun/Desktop/testrepo/tmp/tmp/file409 deleted!
/home/harun/Desktop/testrepo/tmp/tmp/file41 deleted!
/home/harun/Desktop/testrepo/tmp/tmp/file410 deleted!
/home/harun/Desktop/testrepo/tmp/tmp/file411 deleted!
/home/harun/Desktop/testrepo/tmp/tmp/file412 deleted!
/home/harun/Desktop/testrepo/tmp/tmp/file413 deleted!
/home/harun/Desktop/testrepo/tmp/tmp/file414 deleted!
/home/harun/Desktop/testrepo/tmp/tmp/file415 deleted!
/home/harun/Desktop/testrepo/tmp/tmp/file416 deleted!
/home/harun/Desktop/testrepo/tmp/tmp/file417 deleted!
/home/harun/Desktop/testrepo/tmp/tmp/file418 deleted!
/home/harun/Desktop/testrepo/tmp/tmp/file419 deleted!
/home/harun/Desktop/testrepo/tmp/tmp/file42 deleted!
/home/harun/Desktop/testrepo/tmp/tmp/file420 deleted!
/home/harun/Desktop/testrepo/tmp/tmp/file421 deleted!
/home/harun/Desktop/testrepo/tmp/tmp/file422 deleted!
/home/harun/Desktop/testrepo/tmp/tmp/file423 deleted!
/home/harun/Desktop/testrepo/tmp/tmp/file424 deleted!
/home/harun/Desktop/testrepo/tmp/tmp/file425 deleted!
/home/harun/Desktop/testrepo/tmp/tmp/file426 deleted!
/home/harun/Desktop/testrepo/tmp/tmp/file427 deleted!
/home/harun/Desktop/testrepo/tmp/tmp/file428 deleted!
/home/harun/Desktop/testrepo/tmp/tmp/file429 deleted!
/home/harun/Desktop/testrepo/tmp/tmp/file43 deleted!
/home/harun/Desktop/testrepo/tmp/tmp/file430 deleted!
/home/harun/Desktop/testrepo/tmp/tmp/file431 deleted!
/home/harun/Desktop/testrepo/tmp/tmp/file432 deleted!
/home/harun/Desktop/testrepo/tmp/tmp/file433 deleted!
/home/harun/Desktop/testrepo/tmp/tmp/file434 deleted!
/home/harun/Desktop/testrepo/tmp/tmp/file435 deleted!
/home/harun/Desktop/testrepo/tmp/tmp/file436 deleted!
/home/harun/Desktop/testrepo/tmp/tmp/file437 deleted!
/home/harun/Desktop/testrepo/tmp/tmp/file438 deleted!
/home/harun/Desktop/testrepo/tmp/tmp/file439 deleted!
/home/harun/Desktop/testrepo/tmp/tmp/file44 deleted!
/home/harun/Desktop/testrepo/tmp/tmp/file440 deleted!
/home/harun/Desktop/testrepo/tmp/tmp/file441 deleted!
/home/harun/Desktop/testrepo/tmp/tmp/file442 deleted!
/home/harun/Desktop/testrepo/tmp/tmp/file443 deleted!
/home/harun/Desktop/testrepo/tmp/tmp/file444 deleted!
/home/harun/Desktop/testrepo/tmp/tmp/file445 deleted!
/home/harun/Desktop/testrepo/tmp/tmp/file446 deleted!
/home/harun/Desktop/testrepo/tmp/tmp/file447 deleted!
/home/harun/Desktop/testrepo/tmp/tmp/file448 deleted!
/home/harun/Desktop/testrepo/tmp/tmp/file449 deleted!
/home/harun/Desktop/testrepo/tmp/tmp/file45 deleted!
/home/harun/Desktop/testrepo/tmp/tmp/file450 deleted!
/home/harun/Desktop/testrepo/tmp/tmp/file451 deleted!
/home/harun/Desktop/testrepo/tmp/tmp/file452 deleted!
/home/harun/Desktop/testrepo/tmp/tmp/file453 deleted!
/home/harun/Desktop/testrepo/tmp/tmp/file454 deleted!
/home/harun/Desktop/testrepo/tmp/tmp/file455 deleted!
/home/harun/Desktop/testrepo/tmp/tmp/file456 deleted!
/home/harun/Desktop/testrepo/tmp/tmp/file457 deleted!
/home/harun/Desktop/testrepo/tmp/tmp/file458 deleted!
/home/harun/Desktop/testrepo/tmp/tmp/file459 deleted!
/home/harun/Desktop/testrepo/tmp/tmp/file46 deleted!
/home/harun/Desktop/testrepo/tmp/tmp/file460 deleted!
/home/harun/Desktop/testrepo/tmp/tmp/file461 deleted!
/home/harun/Desktop/testrepo/tmp/tmp/file462 deleted!
/home/harun/Desktop/testrepo/tmp/tmp/file463 deleted!
/home/harun/Desktop/testrepo/tmp/tmp/file464 deleted!
/home/harun/Desktop/testrepo/tmp/tmp/file465 deleted!
/home/harun/Desktop/testrepo/tmp/tmp/file466 deleted!
/home/harun/Desktop/testrepo/tmp/tmp/file467 deleted!
/home/harun/Desktop/testrepo/tmp/tmp/file468 deleted!
/home/harun/Desktop/testrepo/tmp/tmp/file469 deleted!
/home/harun/Desktop/testrepo/tmp/tmp/file47 deleted!
/home/harun/Desktop/testrepo/tmp/tmp/file470 deleted!
/home/harun/Desktop/testrepo/tmp/tmp/file471 deleted!
/home/harun/Desktop/testrepo/tmp/tmp/file472 deleted!
/home/harun/Desktop/testrepo/tmp/tmp/file473 deleted!
/home/harun/Desktop/testrepo/tmp/tmp/file474 deleted!
/home/harun/Desktop/testrepo/tmp/tmp/file475 deleted!
/home/harun/Desktop/testrepo/tmp/tmp/file476 deleted!
/home/harun/Desktop/testrepo/tmp/tmp/file477 deleted!
/home/harun/Desktop/testrepo/tmp/tmp/file478 deleted!
/home/harun/Desktop/testrepo/tmp/tmp/file479 deleted!
/home/harun/Desktop/testrepo/tmp/tmp/file48 deleted!
/home/harun/Desktop/testrepo/tmp/tmp/file480 deleted!
/home/harun/Desktop/testrepo/tmp/tmp/file481 deleted!
/home/harun/Desktop/testrepo/tmp/tmp/file482 deleted!
/home/harun/Desktop/testrepo/tmp/tmp/file483 deleted!
/home/harun/Desktop/testrepo/tmp/tmp/file484 deleted!
/home/harun/Desktop/testrepo/tmp/tmp/file485 deleted!
/home/harun/Desktop/testrepo/tmp/tmp/file486 deleted!
/home/harun/Desktop/testrepo/tmp/tmp/file487 deleted!
/home/harun/Desktop/testrepo/tmp/tmp/file488 deleted!
/home/harun/Desktop/testrepo/tmp/tmp/file489 deleted!
/home/harun/Desktop/testrepo/tmp/tmp/file49 deleted!
/home/harun/Desktop/testrepo/tmp/tmp/file490 deleted!
/home/harun/Desktop/testrepo/tmp/tmp/file491 deleted!
/home/harun/Desktop/testrepo/tmp/tmp/file492 deleted!
/home/harun/Desktop/testrepo/tmp/tmp/file493 deleted!
/home/harun/Desktop/testrepo/tmp/tmp/file494 deleted!
/home/harun/Desktop/testrepo/tmp/tmp/file495 deleted!
/home/harun/Desktop/testrepo/tmp/tmp/file496 deleted!
/home/harun/Desktop/testrepo/tmp/tmp/file497 deleted!
/home/harun/Desktop/testrepo/tmp/tmp/file498 deleted!
/home/harun/Desktop/testrepo/tmp/tmp/file499 deleted!
/home/harun/Desktop/testrepo/tmp/tmp/file5 deleted!
/home/harun/Desktop/testrepo/tmp/tmp/file50 deleted!
/home/harun/Desktop/testrepo/tmp/tmp/file500 deleted!
/home/harun/Desktop/testrepo/tmp/tmp/file501 deleted!
/home/harun/Desktop/testrepo/tmp/tmp/file502 deleted!
/home/harun/Desktop/testrepo/tmp/tmp/file503 deleted!
/home/harun/Desktop/testrepo/tmp/tmp/file504 deleted!
/home/harun/Desktop/testrepo/tmp/tmp/file505 deleted!
/home/harun/Desktop/testrepo/tmp/tmp/file506 deleted!
/home/harun/Desktop/testrepo/tmp/tmp/file507 deleted!
/home/harun/Desktop/testrepo/tmp/tmp/file508 deleted!
/home/harun/Desktop/testrepo/tmp/tmp/file509 deleted!
/home/harun/Desktop/testrepo/tmp/tmp/file51 deleted!
/home/harun/Desktop/testrepo/tmp/tmp/file510 deleted!
/home/harun/Desktop/testrepo/tmp/tmp/file511 deleted!
/home/harun/Desktop/testrepo/tmp/tmp/file512 deleted!
/home/harun/Desktop/testrepo/tmp/tmp/file513 deleted!
/home/harun/Desktop/testrepo/tmp/tmp/file514 deleted!
/home/harun/Desktop/testrepo/tmp/tmp/file515 deleted!
/home/harun/Desktop/testrepo/tmp/tmp/file516 deleted!
/home/harun/Desktop/testrepo/tmp/tmp/file517 deleted!
/home/harun/Desktop/testrepo/tmp/tmp/file518 deleted!
/home/harun/Desktop/testrepo/tmp/tmp/file519 deleted!
/home/harun/Desktop/testrepo/tmp/tmp/file52 deleted!
/home/harun/Desktop/testrepo/tmp/tmp/file520 deleted!
/home/harun/Desktop/testrepo/tmp/tmp/file521 deleted!
/home/harun/Desktop/testrepo/tmp/tmp/file522 deleted!
/home/harun/Desktop/testrepo/tmp/tmp/file523 deleted!
/home/harun/Desktop/testrepo/tmp/tmp/file524 deleted!
/home/harun/Desktop/testrepo/tmp/tmp/file525 deleted!
/home/harun/Desktop/testrepo/tmp/tmp/file526 deleted!
/home/harun/Desktop/testrepo/tmp/tmp/file527 deleted!
/home/harun/Desktop/testrepo/tmp/tmp/file528 deleted!
/home/harun/Desktop/testrepo/tmp/tmp/file529 deleted!
/home/harun/Desktop/testrepo/tmp/tmp/file53 deleted!
/home/harun/Desktop/testrepo/tmp/tmp/file530 deleted!
/home/harun/Desktop/testrepo/tmp/tmp/file531 deleted!
/home/harun/Desktop/testrepo/tmp/tmp/file532 deleted!
/home/harun/Desktop/testrepo/tmp/tmp/file533 deleted!
/home/harun/Desktop/testrepo/tmp/tmp/file534 deleted!
/home/harun/Desktop/testrepo/tmp/tmp/file535 deleted!
/home/harun/Desktop/testrepo/tmp/tmp/file536 deleted!
/home/harun/Desktop/testrepo/tmp/tmp/file537 deleted!
/home/harun/Desktop/testrepo/tmp/tmp/file538 deleted!
/home/harun/Desktop/testrepo/tmp/tmp/file539 deleted!
/home/harun/Desktop/testrepo/tmp/tmp/file54 deleted!
/home/harun/Desktop/testrepo/tmp/tmp/file540 deleted!
/home/harun/Desktop/testrepo/tmp/tmp/file541 deleted!
/home/harun/Desktop/testrepo/tmp/tmp/file542 deleted!
/home/harun/Desktop/testrepo/tmp/tmp/file543 deleted!
/home/harun/Desktop/testrepo/tmp/tmp/file544 deleted!
/home/harun/Desktop/testrepo/tmp/tmp/file545 deleted!
/home/harun/Desktop/testrepo/tmp/tmp/file546 deleted!
/home/harun/Desktop/testrepo/tmp/tmp/file547 deleted!
/home/harun/Desktop/testrepo/tmp/tmp/file548 deleted!
/home/harun/Desktop/testrepo/tmp/tmp/file549 deleted!
/home/harun/Desktop/testrepo/tmp/tmp/file55 deleted!
/home/harun/Desktop/testrepo/tmp/tmp/file550 deleted!
/home/harun/Desktop/testrepo/tmp/tmp/file551 deleted!
/home/harun/Desktop/testrepo/tmp/tmp/file552 deleted!
/home/harun/Desktop/testrepo/tmp/tmp/file553 deleted!
/home/harun/Desktop/testrepo/tmp/tmp/file554 deleted!
/home/harun/Desktop/testrepo/tmp/tmp/file555 deleted!
/home/harun/Desktop/testrepo/tmp/tmp/file556 deleted!
/home/harun/Desktop/testrepo/tmp/tmp/file557 deleted!
/home/harun/Desktop/testrepo/tmp/tmp/file558 deleted!
/home/harun/Desktop/testrepo/tmp/tmp/file559 deleted!
/home/harun/Desktop/testrepo/tmp/tmp/file56 deleted!
/home/harun/Desktop/testrepo/tmp/tmp/file560 deleted!
/home/harun/Desktop/testrepo/tmp/tmp/file561 deleted!
/home/harun/Desktop/testrepo/tmp/tmp/file562 deleted!
/home/harun/Desktop/testrepo/tmp/tmp/file563 deleted!
/home/harun/Desktop/testrepo/tmp/tmp/file564 deleted!
/home/harun/Desktop/testrepo/tmp/tmp/file565 deleted!
/home/harun/Desktop/testrepo/tmp/tmp/file566 deleted!
/home/harun/Desktop/testrepo/tmp/tmp/file567 deleted!
/home/harun/Desktop/testrepo/tmp/tmp/file568 deleted!
/home/harun/Desktop/testrepo/tmp/tmp/file569 deleted!
/home/harun/Desktop/testrepo/tmp/tmp/file57 deleted!
/home/harun/Desktop/testrepo/tmp/tmp/file570 deleted!
/home/harun/Desktop/testrepo/tmp/tmp/file571 deleted!
/home/harun/Desktop/testrepo/tmp/tmp/file572 deleted!
/home/harun/Desktop/testrepo/tmp/tmp/file573 deleted!
/home/harun/Desktop/testrepo/tmp/tmp/file574 deleted!
/home/harun/Desktop/testrepo/tmp/tmp/file575 deleted!
/home/harun/Desktop/testrepo/tmp/tmp/file576 deleted!
/home/harun/Desktop/testrepo/tmp/tmp/file577 deleted!
/home/harun/Desktop/testrepo/tmp/tmp/file578 deleted!
/home/harun/Desktop/testrepo/tmp/tmp/file579 deleted!
/home/harun/Desktop/testrepo/tmp/tmp/file58 deleted!
/home/harun/Desktop/testrepo/tmp/tmp/file580 deleted!
/home/harun/Desktop/testrepo/tmp/tmp/file581 deleted!
/home/harun/Desktop/testrepo/tmp/tmp/file582 deleted!
/home/harun/Desktop/testrepo/tmp/tmp/file583 deleted!
/home/harun/Desktop/testrepo/tmp/tmp/file584 deleted!
/home/harun/Desktop/testrepo/tmp/tmp/file585 deleted!
/home/harun/Desktop/testrepo/tmp/tmp/file586 deleted!
/home/harun/Desktop/testrepo/tmp/tmp/file587 deleted!
/home/harun/Desktop/testrepo/tmp/tmp/file588 deleted!
/home/harun/Desktop/testrepo/tmp/tmp/file589 deleted!
/home/harun/Desktop/testrepo/tmp/tmp/file59 deleted!
/home/harun/Desktop/testrepo/tmp/tmp/file590 deleted!
/home/harun/Desktop/testrepo/tmp/tmp/file591 deleted!
/home/harun/Desktop/testrepo/tmp/tmp/file592 deleted!
/home/harun/Desktop/testrepo/tmp/tmp/file593 deleted!
/home/harun/Desktop/testrepo/tmp/tmp/file594 deleted!
/home/harun/Desktop/testrepo/tmp/tmp/file595 deleted!
/home/harun/Desktop/testrepo/tmp/tmp/file596 deleted!
/home/harun/Desktop/testrepo/tmp/tmp/file597 deleted!
/home/harun/Desktop/testrepo/tmp/tmp/file598 deleted!
/home/harun/Desktop/testrepo/tmp/tmp/file599 deleted!
/home/harun/Desktop/testrepo/tmp/tmp/file6 deleted!
/home/harun/Desktop/testrepo/tmp/tmp/file60 deleted!
/home/harun/Desktop/testrepo/tmp/tmp/file600 deleted!
/home/harun/Desktop/testrepo/tmp/tmp/file601 deleted!
/home/harun/Desktop/testrepo/tmp/tmp/file602 deleted!
/home/harun/Desktop/testrepo/tmp/tmp/file603 deleted!
/home/harun/Desktop/testrepo/tmp/tmp/file604 deleted!
/home/harun/Desktop/testrepo/tmp/tmp/file605 deleted!
/home/harun/Desktop/testrepo/tmp/tmp/file606 deleted!
/home/harun/Desktop/testrepo/tmp/tmp/file607 deleted!
/home/harun/Desktop/testrepo/tmp/tmp/file608 deleted!
/home/harun/Desktop/testrepo/tmp/tmp/file609 deleted!
/home/harun/Desktop/testrepo/tmp/tmp/file61 deleted!
/home/harun/Desktop/testrepo/tmp/tmp/file610 deleted!
/home/harun/Desktop/testrepo/tmp/tmp/file611 deleted!
/home/harun/Desktop/testrepo/tmp/tmp/file612 deleted!
/home/harun/Desktop/testrepo/tmp/tmp/file613 deleted!
/home/harun/Desktop/testrepo/tmp/tmp/file614 deleted!
/home/harun/Desktop/testrepo/tmp/tmp/file615 deleted!
/home/harun/Desktop/testrepo/tmp/tmp/file616 deleted!
/home/harun/Desktop/testrepo/tmp/tmp/file617 deleted!
/home/harun/Desktop/testrepo/tmp/tmp/file618 deleted!
/home/harun/Desktop/testrepo/tmp/tmp/file619 deleted!
/home/harun/Desktop/testrepo/tmp/tmp/file62 deleted!
/home/harun/Desktop/testrepo/tmp/tmp/file620 deleted!
/home/harun/Desktop/testrepo/tmp/tmp/file621 deleted!
/home/harun/Desktop/testrepo/tmp/tmp/file622 deleted!
/home/harun/Desktop/testrepo/tmp/tmp/file623 deleted!
/home/harun/Desktop/testrepo/tmp/tmp/file624 deleted!
/home/harun/Desktop/testrepo/tmp/tmp/file625 deleted!
/home/harun/Desktop/testrepo/tmp/tmp/file626 deleted!
/home/harun/Desktop/testrepo/tmp/tmp/file627 deleted!
/home/harun/Desktop/testrepo/tmp/tmp/file628 deleted!
/home/harun/Desktop/testrepo/tmp/tmp/file629 deleted!
/home/harun/Desktop/testrepo/tmp/tmp/file63 deleted!
/home/harun/Desktop/testrepo/tmp/tmp/file630 deleted!
/home/harun/Desktop/testrepo/tmp/tmp/file631 deleted!
/home/harun/Desktop/testrepo/tmp/tmp/file632 deleted!
/home/harun/Desktop/testrepo/tmp/tmp/file633 deleted!
/home/harun/Desktop/testrepo/tmp/tmp/file634 deleted!
/home/harun/Desktop/testrepo/tmp/tmp/file635 deleted!
/home/harun/Desktop/testrepo/tmp/tmp/file636 deleted!
/home/harun/Desktop/testrepo/tmp/tmp/file637 deleted!
/home/harun/Desktop/testrepo/tmp/tmp/file638 deleted!
/home/harun/Desktop/testrepo/tmp/tmp/file639 deleted!
/home/harun/Desktop/testrepo/tmp/tmp/file64 deleted!
/home/harun/Desktop/testrepo/tmp/tmp/file640 deleted!
/home/harun/Desktop/testrepo/tmp/tmp/file641 deleted!
/home/harun/Desktop/testrepo/tmp/tmp/file642 deleted!
/home/harun/Desktop/testrepo/tmp/tmp/file643 deleted!
/home/harun/Desktop/testrepo/tmp/tmp/file644 deleted!
/home/harun/Desktop/testrepo/tmp/tmp/file645 deleted!
/home/harun/Desktop/testrepo/tmp/tmp/file646 deleted!
/home/harun/Desktop/testrepo/tmp/tmp/file647 deleted!
/home/harun/Desktop/testrepo/tmp/tmp/file648 deleted!
/home/harun/Desktop/testrepo/tmp/tmp/file649 deleted!
/home/harun/Desktop/testrepo/tmp/tmp/file65 deleted!
/home/harun/Desktop/testrepo/tmp/tmp/file650 deleted!
/home/harun/Desktop/testrepo/tmp/tmp/file651 deleted!
/home/harun/Desktop/testrepo/tmp/tmp/file652 deleted!
/home/harun/Desktop/testrepo/tmp/tmp/file653 deleted!
/home/harun/Desktop/testrepo/tmp/tmp/file654 deleted!
/home/harun/Desktop/testrepo/tmp/tmp/file655 deleted!
/home/harun/Desktop/testrepo/tmp/tmp/file656 deleted!
/home/harun/Desktop/testrepo/tmp/tmp/file657 deleted!
/home/harun/Desktop/testrepo/tmp/tmp/file658 deleted!
/home/harun/Desktop/testrepo/tmp/tmp/file659 deleted!
/home/harun/Desktop/testrepo/tmp/tmp/file66 deleted!
/home/harun/Desktop/testrepo/tmp/tmp/file660 deleted!
/home/harun/Desktop/testrepo/tmp/tmp/file661 deleted!
/home/harun/Desktop/testrepo/tmp/tmp/file662 deleted!
/home/harun/Desktop/testrepo/tmp/tmp/file663 deleted!
/home/harun/Desktop/testrepo/tmp/tmp/file664 deleted!
/home/harun/Desktop/testrepo/tmp/tmp/file665 deleted!
/home/harun/Desktop/testrepo/tmp/tmp/file666 deleted!
/home/harun/Desktop/testrepo/tmp/tmp/file667 deleted!
/home/harun/Desktop/testrepo/tmp/tmp/file668 deleted!
/home/harun/Desktop/testrepo/tmp/tmp/file669 deleted!
/home/harun/Desktop/testrepo/tmp/tmp/file67 deleted!
/home/harun/Desktop/testrepo/tmp/tmp/file670 deleted!
/home/harun/Desktop/testrepo/tmp/tmp/file671 deleted!
/home/harun/Desktop/testrepo/tmp/tmp/file672 deleted!
/home/harun/Desktop/testrepo/tmp/tmp/file673 deleted!
/home/harun/Desktop/testrepo/tmp/tmp/file674 deleted!
/home/harun/Desktop/testrepo/tmp/tmp/file675 deleted!
/home/harun/Desktop/testrepo/tmp/tmp/file676 deleted!
/home/harun/Desktop/testrepo/tmp/tmp/file677 deleted!
/home/harun/Desktop/testrepo/tmp/tmp/file678 deleted!
/home/harun/Desktop/testrepo/tmp/tmp/file679 deleted!
/home/harun/Desktop/testrepo/tmp/tmp/file68 deleted!
/home/harun/Desktop/testrepo/tmp/tmp/file680 deleted!
/home/harun/Desktop/testrepo/tmp/tmp/file681 deleted!
/home/harun/Desktop/testrepo/tmp/tmp/file682 deleted!
/home/harun/Desktop/testrepo/tmp/tmp/file683 deleted!
/home/harun/Desktop/testrepo/tmp/tmp/file684 deleted!
/home/harun/Desktop/testrepo/tmp/tmp/file685 deleted!
/home/harun/Desktop/testrepo/tmp/tmp/file686 deleted!
/home/harun/Desktop/testrepo/tmp/tmp/file687 deleted!
/home/harun/Desktop/testrepo/tmp/tmp/file688 deleted!
/home/harun/Desktop/testrepo/tmp/tmp/file689 deleted!
/home/harun/Desktop/testrepo/tmp/tmp/file69 deleted!
/home/harun/Desktop/testrepo/tmp/tmp/file690 deleted!
/home/harun/Desktop/testrepo/tmp/tmp/file691 deleted!
/home/harun/Desktop/testrepo/tmp/tmp/file692 deleted!
/home/harun/Desktop/testrepo/tmp/tmp/file693 deleted!
/home/harun/Desktop/testrepo/tmp/tmp/file694 deleted!
/home/harun/Desktop/testrepo/tmp/tmp/file695 deleted!
/home/harun/Desktop/testrepo/tmp/tmp/file696 deleted!
/home/harun/Desktop/testrepo/tmp/tmp/file697 deleted!
/home/harun/Desktop/testrepo/tmp/tmp/file698 deleted!
/home/harun/Desktop/testrepo/tmp/tmp/file699 deleted!
/home/harun/Desktop/testrepo/tmp/tmp/file7 deleted!
/home/harun/Desktop/testrepo/tmp/tmp/file70 deleted!
/home/harun/Desktop/testrepo/tmp/tmp/file700 deleted!
/home/harun/Desktop/testrepo/tmp/tmp/file701 deleted!
/home/harun/Desktop/testrepo/tmp/tmp/file702 deleted!
/home/harun/Desktop/testrepo/tmp/tmp/file703 deleted!
/home/harun/Desktop/testrepo/tmp/tmp/file704 deleted!
/home/harun/Desktop/testrepo/tmp/tmp/file705 deleted!
/home/harun/Desktop/testrepo/tmp/tmp/file706 deleted!
/home/harun/Desktop/testrepo/tmp/tmp/file707 deleted!
/home/harun/Desktop/testrepo/tmp/tmp/file708 deleted!
/home/harun/Desktop/testrepo/tmp/tmp/file709 deleted!
/home/harun/Desktop/testrepo/tmp/tmp/file71 deleted!
/home/harun/Desktop/testrepo/tmp/tmp/file710 deleted!
/home/harun/Desktop/testrepo/tmp/tmp/file711 deleted!
/home/harun/Desktop/testrepo/tmp/tmp/file712 deleted!
/home/harun/Desktop/testrepo/tmp/tmp/file713 deleted!
/home/harun/Desktop/testrepo/tmp/tmp/file714 deleted!
/home/harun/Desktop/testrepo/tmp/tmp/file715 deleted!
/home/harun/Desktop/testrepo/tmp/tmp/file716 deleted!
/home/harun/Desktop/testrepo/tmp/tmp/file717 deleted!
/home/harun/Desktop/testrepo/tmp/tmp/file718 deleted!
/home/harun/Desktop/testrepo/tmp/tmp/file719 deleted!
/home/harun/Desktop/testrepo/tmp/tmp/file72 deleted!
/home/harun/Desktop/testrepo/tmp/tmp/file720 deleted!
/home/harun/Desktop/testrepo/tmp/tmp/file721 deleted!
/home/harun/Desktop/testrepo/tmp/tmp/file722 deleted!
/home/harun/Desktop/testrepo/tmp/tmp/file723 deleted!
/home/harun/Desktop/testrepo/tmp/tmp/file724 deleted!
/home/harun/Desktop/testrepo/tmp/tmp/file725 deleted!
/home/harun/Desktop/testrepo/tmp/tmp/file726 deleted!
/home/harun/Desktop/testrepo/tmp/tmp/file727 deleted!
/home/harun/Desktop/testrepo/tmp/tmp/file728 deleted!
/home/harun/Desktop/testrepo/tmp/tmp/file729 deleted!
/home/harun/Desktop/testrepo/tmp/tmp/file73 deleted!
/home/harun/Desktop/testrepo/tmp/tmp/file730 deleted!
/home/harun/Desktop/testrepo/tmp/tmp/file731 deleted!
/home/harun/Desktop/testrepo/tmp/tmp/file732 deleted!
/home/harun/Desktop/testrepo/tmp/tmp/file733 deleted!
/home/harun/Desktop/testrepo/tmp/tmp/file734 deleted!
/home/harun/Desktop/testrepo/tmp/tmp/file735 deleted!
/home/harun/Desktop/testrepo/tmp/tmp/file736 deleted!
/home/harun/Desktop/testrepo/tmp/tmp/file737 deleted!
/home/harun/Desktop/testrepo/tmp/tmp/file738 deleted!
/home/harun/Desktop/testrepo/tmp/tmp/file739 deleted!
/home/harun/Desktop/testrepo/tmp/tmp/file74 deleted!
/home/harun/Desktop/testrepo/tmp/tmp/file740 deleted!
/home/harun/Desktop/testrepo/tmp/tmp/file741 deleted!
/home/harun/Desktop/testrepo/tmp/tmp/file742 deleted!
/home/harun/Desktop/testrepo/tmp/tmp/file743 deleted!
/home/harun/Desktop/testrepo/tmp/tmp/file744 deleted!
/home/harun/Desktop/testrepo/tmp/tmp/file745 deleted!
/home/harun/Desktop/testrepo/tmp/tmp/file746 deleted!
/home/harun/Desktop/testrepo/tmp/tmp/file747 deleted!
/home/harun/Desktop/testrepo/tmp/tmp/file748 deleted!
/home/harun/Desktop/testrepo/tmp/tmp/file749 deleted!
/home/harun/Desktop/testrepo/tmp/tmp/file75 deleted!
/home/harun/Desktop/testrepo/tmp/tmp/file750 deleted!
/home/harun/Desktop/testrepo/tmp/tmp/file751 deleted!
/home/harun/Desktop/testrepo/tmp/tmp/file752 deleted!
/home/harun/Desktop/testrepo/tmp/tmp/file753 deleted!
/home/harun/Desktop/testrepo/tmp/tmp/file754 deleted!
/home/harun/Desktop/testrepo/tmp/tmp/file755 deleted!
/home/harun/Desktop/testrepo/tmp/tmp/file756 deleted!
/home/harun/Desktop/testrepo/tmp/tmp/file757 deleted!
/home/harun/Desktop/testrepo/tmp/tmp/file758 deleted!
/home/harun/Desktop/testrepo/tmp/tmp/file759 deleted!
/home/harun/Desktop/testrepo/tmp/tmp/file76 deleted!
/home/harun/Desktop/testrepo/tmp/tmp/file760 deleted!
/home/harun/Desktop/testrepo/tmp/tmp/file761 deleted!
/home/harun/Desktop/testrepo/tmp/tmp/file762 deleted!
/home/harun/Desktop/testrepo/tmp/tmp/file763 deleted!
/home/harun/Desktop/testrepo/tmp/tmp/file764 deleted!
/home/harun/Desktop/testrepo/tmp/tmp/file765 deleted!
/home/harun/Desktop/testrepo/tmp/tmp/file766 deleted!
/home/harun/Desktop/testrepo/tmp/tmp/file767 deleted!
/home/harun/Desktop/testrepo/tmp/tmp/file768 deleted!
/home/harun/Desktop/testrepo/tmp/tmp/file769 deleted!
/home/harun/Desktop/testrepo/tmp/tmp/file77 deleted!
/home/harun/Desktop/testrepo/tmp/tmp/file770 deleted!
/home/harun/Desktop/testrepo/tmp/tmp/file771 deleted!
/home/harun/Desktop/testrepo/tmp/tmp/file772 deleted!
/home/harun/Desktop/testrepo/tmp/tmp/file773 deleted!
/home/harun/Desktop/testrepo/tmp/tmp/file774 deleted!
/home/harun/Desktop/testrepo/tmp/tmp/file775 deleted!
/home/harun/Desktop/testrepo/tmp/tmp/file776 deleted!
/home/harun/Desktop/testrepo/tmp/tmp/file777 deleted!
/home/harun/Desktop/testrepo/tmp/tmp/file778 deleted!
/home/harun/Desktop/testrepo/tmp/tmp/file779 deleted!
/home/harun/Desktop/testrepo/tmp/tmp/file78 deleted!
/home/harun/Desktop/testrepo/tmp/tmp/file780 deleted!
/home/harun/Desktop/testrepo/tmp/tmp/file781 deleted!
/home/harun/Desktop/testrepo/tmp/tmp/file782 deleted!
/home/harun/Desktop/testrepo/tmp/tmp/file783 deleted!
/home/harun/Desktop/testrepo/tmp/tmp/file784 deleted!
/home/harun/Desktop/testrepo/tmp/tmp/file785 deleted!
/home/harun/Desktop/testrepo/tmp/tmp/file786 deleted!
/home/harun/Desktop/testrepo/tmp/tmp/file787 deleted!
/home/harun/Desktop/testrepo/tmp/tmp/file788 deleted!
/home/harun/Desktop/testrepo/tmp/tmp/file789 deleted!
/home/harun/Desktop/testrepo/tmp/tmp/file79 deleted!
/home/harun/Desktop/testrepo/tmp/tmp/file790 deleted!
/home/harun/Desktop/testrepo/tmp/tmp/file791 deleted!
/home/harun/Desktop/testrepo/tmp/tmp/file792 deleted!
/home/harun/Desktop/testrepo/tmp/tmp/file793 deleted!
/home/harun/Desktop/testrepo/tmp/tmp/file794 deleted!
/home/harun/Desktop/testrepo/tmp/tmp/file795 deleted!
/home/harun/Desktop/testrepo/tmp/tmp/file796 deleted!
/home/harun/Desktop/testrepo/tmp/tmp/file797 deleted!
/home/harun/Desktop/testrepo/tmp/tmp/file798 deleted!
/home/harun/Desktop/testrepo/tmp/tmp/file799 deleted!
/home/harun/Desktop/testrepo/tmp/tmp/file8 deleted!
/home/harun/Desktop/testrepo/tmp/tmp/file80 deleted!
/home/harun/Desktop/testrepo/tmp/tmp/file800 deleted!
/home/harun/Desktop/testrepo/tmp/tmp/file801 deleted!
/home/harun/Desktop/testrepo/tmp/tmp/file802 deleted!
/home/harun/Desktop/testrepo/tmp/tmp/file803 deleted!
/home/harun/Desktop/testrepo/tmp/tmp/file804 deleted!
/home/harun/Desktop/testrepo/tmp/tmp/file805 deleted!
/home/harun/Desktop/testrepo/tmp/tmp/file806 deleted!
/home/harun/Desktop/testrepo/tmp/tmp/file807 deleted!
/home/harun/Desktop/testrepo/tmp/tmp/file808 deleted!
/home/harun/Desktop/testrepo/tmp/tmp/file809 deleted!
/home/harun/Desktop/testrepo/tmp/tmp/file81 deleted!
/home/harun/Desktop/testrepo/tmp/tmp/file810 deleted!
/home/harun/Desktop/testrepo/tmp/tmp/file811 deleted!
/home/harun/Desktop/testrepo/tmp/tmp/file812 deleted!
/home/harun/Desktop/testrepo/tmp/tmp/file813 deleted!
/home/harun/Desktop/testrepo/tmp/tmp/file814 deleted!
/home/harun/Desktop/testrepo/tmp/tmp/file815 deleted!
/home/harun/Desktop/testrepo/tmp/tmp/file816 deleted!
/home/harun/Desktop/testrepo/tmp/tmp/file817 deleted!
/home/harun/Desktop/testrepo/tmp/tmp/file818 deleted!
/home/harun/Desktop/testrepo/tmp/tmp/file819 deleted!
/home/harun/Desktop/testrepo/tmp/tmp/file82 deleted!
/home/harun/Desktop/testrepo/tmp/tmp/file820 deleted!
/home/harun/Desktop/testrepo/tmp/tmp/file821 deleted!
/home/harun/Desktop/testrepo/tmp/tmp/file822 deleted!
/home/harun/Desktop/testrepo/tmp/tmp/file823 deleted!
/home/harun/Desktop/testrepo/tmp/tmp/file824 deleted!
/home/harun/Desktop/testrepo/tmp/tmp/file825 deleted!
/home/harun/Desktop/testrepo/tmp/tmp/file826 deleted!
/home/harun/Desktop/testrepo/tmp/tmp/file827 deleted!
/home/harun/Desktop/testrepo/tmp/tmp/file828 deleted!
/home/harun/Desktop/testrepo/tmp/tmp/file829 deleted!
/home/harun/Desktop/testrepo/tmp/tmp/file83 deleted!
/home/harun/Desktop/testrepo/tmp/tmp/file830 deleted!
/home/harun/Desktop/testrepo/tmp/tmp/file831 deleted!
/home/harun/Desktop/testrepo/tmp/tmp/file832 deleted!
/home/harun/Desktop/testrepo/tmp/tmp/file833 deleted!
/home/harun/Desktop/testrepo/tmp/tmp/file834 deleted!
/home/harun/Desktop/testrepo/tmp/tmp/file835 deleted!
/home/harun/Desktop/testrepo/tmp/tmp/file836 deleted!
/home/harun/Desktop/testrepo/tmp/tmp/file837 deleted!
/home/harun/Desktop/testrepo/tmp/tmp/file838 deleted!
/home/harun/Desktop/testrepo/tmp/tmp/file839 deleted!
/home/harun/Desktop/testrepo/tmp/tmp/file84 deleted!
/home/harun/Desktop/testrepo/tmp/tmp/file840 deleted!
/home/harun/Desktop/testrepo/tmp/tmp/file841 deleted!
/home/harun/Desktop/testrepo/tmp/tmp/file842 deleted!
/home/harun/Desktop/testrepo/tmp/tmp/file843 deleted!
/home/harun/Desktop/testrepo/tmp/tmp/file844 deleted!
/home/harun/Desktop/testrepo/tmp/tmp/file845 deleted!
/home/harun/Desktop/testrepo/tmp/tmp/file846 deleted!
/home/harun/Desktop/testrepo/tmp/tmp/file847 deleted!
/home/harun/Desktop/testrepo/tmp/tmp/file848 deleted!
/home/harun/Desktop/testrepo/tmp/tmp/file849 deleted!
/home/harun/Desktop/testrepo/tmp/tmp/file85 deleted!
/home/harun/Desktop/testrepo/tmp/tmp/file850 deleted!
/home/harun/Desktop/testrepo/tmp/tmp/file851 deleted!
/home/harun/Desktop/testrepo/tmp/tmp/file852 deleted!
/home/harun/Desktop/testrepo/tmp/tmp/file853 deleted!
/home/harun/Desktop/testrepo/tmp/tmp/file854 deleted!
/home/harun/Desktop/testrepo/tmp/tmp/file855 deleted!
/home/harun/Desktop/testrepo/tmp/tmp/file856 deleted!
/home/harun/Desktop/testrepo/tmp/tmp/file857 deleted!
/home/harun/Desktop/testrepo/tmp/tmp/file858 deleted!
/home/harun/Desktop/testrepo/tmp/tmp/file859 deleted!
/home/harun/Desktop/testrepo/tmp/tmp/file86 deleted!
/home/harun/Desktop/testrepo/tmp/tmp/file860 deleted!
/home/harun/Desktop/testrepo/tmp/tmp/file861 deleted!
/home/harun/Desktop/testrepo/tmp/tmp/file862 deleted!
/home/harun/Desktop/testrepo/tmp/tmp/file863 deleted!
/home/harun/Desktop/testrepo/tmp/tmp/file864 deleted!
/home/harun/Desktop/testrepo/tmp/tmp/file865 deleted!
/home/harun/Desktop/testrepo/tmp/tmp/file866 deleted!
/home/harun/Desktop/testrepo/tmp/tmp/file867 deleted!
/home/harun/Desktop/testrepo/tmp/tmp/file868 deleted!
/home/harun/Desktop/testrepo/tmp/tmp/file869 deleted!
/home/harun/Desktop/testrepo/tmp/tmp/file87 deleted!
/home/harun/Desktop/testrepo/tmp/tmp/file870 deleted!
/home/harun/Desktop/testrepo/tmp/tmp/file871 deleted!
/home/harun/Desktop/testrepo/tmp/tmp/file872 deleted!
/home/harun/Desktop/testrepo/tmp/tmp/file873 deleted!
/home/harun/Desktop/testrepo/tmp/tmp/file874 deleted!
/home/harun/Desktop/testrepo/tmp/tmp/file875 deleted!
/home/harun/Desktop/testrepo/tmp/tmp/file876 deleted!
/home/harun/Desktop/testrepo/tmp/tmp/file877 deleted!
/home/harun/Desktop/testrepo/tmp/tmp/file878 deleted!
/home/harun/Desktop/testrepo/tmp/tmp/file879 deleted!
/home/harun/Desktop/testrepo/tmp/tmp/file88 deleted!
/home/harun/Desktop/testrepo/tmp/tmp/file880 deleted!
/home/harun/Desktop/testrepo/tmp/tmp/file881 deleted!
/home/harun/Desktop/testrepo/tmp/tmp/file882 deleted!
/home/harun/Desktop/testrepo/tmp/tmp/file883 deleted!
/home/harun/Desktop/testrepo/tmp/tmp/file884 deleted!
/home/harun/Desktop/testrepo/tmp/tmp/file885 deleted!
/home/harun/Desktop/testrepo/tmp/tmp/file886 deleted!
/home/harun/Desktop/testrepo/tmp/tmp/file887 deleted!
/home/harun/Desktop/testrepo/tmp/tmp/file888 deleted!
/home/harun/Desktop/testrepo/tmp/tmp/file889 deleted!
/home/harun/Desktop/testrepo/tmp/tmp/file89 deleted!
/home/harun/Desktop/testrepo/tmp/tmp/file890 deleted!
/home/harun/Desktop/testrepo/tmp/tmp/file891 deleted!
/home/harun/Desktop/testrepo/tmp/tmp/file892 deleted!
/home/harun/Desktop/testrepo/tmp/tmp/file893 deleted!
/home/harun/Desktop/testrepo/tmp/tmp/file894 deleted!
/home/harun/Desktop/testrepo/tmp/tmp/file895 deleted!
/home/harun/Desktop/testrepo/tmp/tmp/file896 deleted!
/home/harun/Desktop/testrepo/tmp/tmp/file897 deleted!
/home/harun/Desktop/testrepo/tmp/tmp/file898 deleted!
/home/harun/Desktop/testrepo/tmp/tmp/file899 deleted!
/home/harun/Desktop/testrepo/tmp/tmp/file9 deleted!
/home/harun/Desktop/testrepo/tmp/tmp/file90 deleted!
/home/harun/Desktop/testrepo/tmp/tmp/file900 deleted!
/home/harun/Desktop/testrepo/tmp/tmp/file901 deleted!
/home/harun/Desktop/testrepo/tmp/tmp/file902 deleted!
/home/harun/Desktop/testrepo/tmp/tmp/file903 deleted!
/home/harun/Desktop/testrepo/tmp/tmp/file904 deleted!
/home/harun/Desktop/testrepo/tmp/tmp/file905 deleted!
/home/harun/Desktop/testrepo/tmp/tmp/file906 deleted!
/home/harun/Desktop/testrepo/tmp/tmp/file907 deleted!
/home/harun/Desktop/testrepo/tmp/tmp/file908 deleted!
/home/harun/Desktop/testrepo/tmp/tmp/file909 deleted!
/home/harun/Desktop/testrepo/tmp/tmp/file91 deleted!
/home/harun/Desktop/testrepo/tmp/tmp/file910 deleted!
/home/harun/Desktop/testrepo/tmp/tmp/file911 deleted!
/home/harun/Desktop/testrepo/tmp/tmp/file912 deleted!
/home/harun/Desktop/testrepo/tmp/tmp/file913 deleted!
/home/harun/Desktop/testrepo/tmp/tmp/file914 deleted!
/home/harun/Desktop/testrepo/tmp/tmp/file915 deleted!
/home/harun/Desktop/testrepo/tmp/tmp/file916 deleted!
/home/harun/Desktop/testrepo/tmp/tmp/file917 deleted!
/home/harun/Desktop/testrepo/tmp/tmp/file918 deleted!
/home/harun/Desktop/testrepo/tmp/tmp/file919 deleted!
/home/harun/Desktop/testrepo/tmp/tmp/file92 deleted!
/home/harun/Desktop/testrepo/tmp/tmp/file920 deleted!
/home/harun/Desktop/testrepo/tmp/tmp/file921 deleted!
/home/harun/Desktop/testrepo/tmp/tmp/file922 deleted!
/home/harun/Desktop/testrepo/tmp/tmp/file923 deleted!
/home/harun/Desktop/testrepo/tmp/tmp/file924 deleted!
/home/harun/Desktop/testrepo/tmp/tmp/file925 deleted!
/home/harun/Desktop/testrepo/tmp/tmp/file926 deleted!
/home/harun/Desktop/testrepo/tmp/tmp/file927 deleted!
/home/harun/Desktop/testrepo/tmp/tmp/file928 deleted!
/home/harun/Desktop/testrepo/tmp/tmp/file929 deleted!
/home/harun/Desktop/testrepo/tmp/tmp/file93 deleted!
/home/harun/Desktop/testrepo/tmp/tmp/file930 deleted!
/home/harun/Desktop/testrepo/tmp/tmp/file931 deleted!
/home/harun/Desktop/testrepo/tmp/tmp/file932 deleted!
/home/harun/Desktop/testrepo/tmp/tmp/file933 deleted!
/home/harun/Desktop/testrepo/tmp/tmp/file934 deleted!
/home/harun/Desktop/testrepo/tmp/tmp/file935 deleted!
/home/harun/Desktop/testrepo/tmp/tmp/file936 deleted!
/home/harun/Desktop/testrepo/tmp/tmp/file937 deleted!
/home/harun/Desktop/testrepo/tmp/tmp/file938 deleted!
/home/harun/Desktop/testrepo/tmp/tmp/file939 deleted!
/home/harun/Desktop/testrepo/tmp/tmp/file94 deleted!
/home/harun/Desktop/testrepo/tmp/tmp/file940 deleted!
/home/harun/Desktop/testrepo/tmp/tmp/file941 deleted!
/home/harun/Desktop/testrepo/tmp/tmp/file942 deleted!
/home/harun/Desktop/testrepo/tmp/tmp/file943 deleted!
/home/harun/Desktop/testrepo/tmp/tmp/file944 deleted!
/home/harun/Desktop/testrepo/tmp/tmp/file945 deleted!
/home/harun/Desktop/testrepo/tmp/tmp/file946 deleted!
/home/harun/Desktop/testrepo/tmp/tmp/file947 deleted!
/home/harun/Desktop/testrepo/tmp/tmp/file948 deleted!
/home/harun/Desktop/testrepo/tmp/tmp/file949 deleted!
/home/harun/Desktop/testrepo/tmp/tmp/file95 deleted!
/home/harun/Desktop/testrepo/tmp/tmp/file950 deleted!
/home/harun/Desktop/testrepo/tmp/tmp/file951 deleted!
/home/harun/Desktop/testrepo/tmp/tmp/file952 deleted!
/home/harun/Desktop/testrepo/tmp/tmp/file953 deleted!
/home/harun/Desktop/testrepo/tmp/tmp/file954 deleted!
/home/harun/Desktop/testrepo/tmp/tmp/file955 deleted!
/home/harun/Desktop/testrepo/tmp/tmp/file956 deleted!
/home/harun/Desktop/testrepo/tmp/tmp/file957 deleted!
/home/harun/Desktop/testrepo/tmp/tmp/file958 deleted!
/home/harun/Desktop/testrepo/tmp/tmp/file959 deleted!
/home/harun/Desktop/testrepo/tmp/tmp/file96 deleted!
/home/harun/Desktop/testrepo/tmp/tmp/file960 deleted!
/home/harun/Desktop/testrepo/tmp/tmp/file961 deleted!
/home/harun/Desktop/testrepo/tmp/tmp/file962 deleted!
/home/harun/Desktop/testrepo/tmp/tmp/file963 deleted!
/home/harun/Desktop/testrepo/tmp/tmp/file964 deleted!
/home/harun/Desktop/testrepo/tmp/tmp/file965 deleted!
/home/harun/Desktop/testrepo/tmp/tmp/file966 deleted!
/home/harun/Desktop/testrepo/tmp/tmp/file967 deleted!
/home/harun/Desktop/testrepo/tmp/tmp/file968 deleted!
/home/harun/Desktop/testrepo/tmp/tmp/file969 deleted!
/home/harun/Desktop/testrepo/tmp/tmp/file97 deleted!
/home/harun/Desktop/testrepo/tmp/tmp/file970 deleted!
/home/harun/Desktop/testrepo/tmp/tmp/file971 deleted!
/home/harun/Desktop/testrepo/tmp/tmp/file972 deleted!
/home/harun/Desktop/testrepo/tmp/tmp/file973 deleted!
/home/harun/Desktop/testrepo/tmp/tmp/file974 deleted!
/home/harun/Desktop/testrepo/tmp/tmp/file975 deleted!
/home/harun/Desktop/testrepo/tmp/tmp/file976 deleted!
/home/harun/Desktop/testrepo/tmp/tmp/file977 deleted!
/home/harun/Desktop/testrepo/tmp/tmp/file978 deleted!
/home/harun/Desktop/testrepo/tmp/tmp/file979 deleted!
/home/harun/Desktop/testrepo/tmp/tmp/file98 deleted!
/home/harun/Desktop/testrepo/tmp/tmp/file980 deleted!
/home/harun/Desktop/testrepo/tmp/tmp/file981 deleted!
/home/harun/Desktop/testrepo/tmp/tmp/file982 deleted!
/home/harun/Desktop/testrepo/tmp/tmp/file983 deleted!
/home/harun/Desktop/testrepo/tmp/tmp/file984 deleted!
/home/harun/Desktop/testrepo/tmp/tmp/file985 deleted!
/home/harun/Desktop/testrepo/tmp/tmp/file986 deleted!
/home/harun/Desktop/testrepo/tmp/tmp/file987 deleted!
/home/harun/Desktop/testrepo/tmp/tmp/file988 deleted!
/home/harun/Desktop/testrepo/tmp/tmp/file989 deleted!
/home/harun/Desktop/testrepo/tmp/tmp/file99 deleted!
/home/harun/Desktop/testrepo/tmp/tmp/file990 deleted!
/home/harun/Desktop/testrepo/tmp/tmp/file991 deleted!
/home/harun/Desktop/testrepo/tmp/tmp/file992 deleted!
/home/harun/Desktop/testrepo/tmp/tmp/file993 deleted!
/home/harun/Desktop/testrepo/tmp/tmp/file994 deleted!
/home/harun/Desktop/testrepo/tmp/tmp/file995 deleted!
/home/harun/Desktop/testrepo/tmp/tmp/file996 deleted!
/home/harun/Desktop/testrepo/tmp/tmp/file997 deleted!
/home/harun/Desktop/testrepo/tmp/tmp/file998 deleted!
/home/harun/Desktop/testrepo/tmp/tmp/file999 deleted!



Deleted File Number: 999
Wrong File Name numbers: 4
