/tmp/gregsasdas doesn't exist!
/tmp/johnasdasdsa doesn't exist!
/tmp/scottasdsaa doesn't exist!
/home/harun/Desktop/testrepo/tmp/tmp/filex100000000 doesn't exist!
/home/harun/Desktop/testrepo/tmp/tmp/filex1 deleted!
/home/harun/Desktop/testrepo/tmp/tmp/filex10 deleted!
/home/harun/Desktop/testrepo/tmp/tmp/filex100 deleted!
/home/harun/Desktop/testrepo/tmp/tmp/filex101 deleted!
/home/harun/Desktop/testrepo/tmp/tmp/filex102 deleted!
/home/harun/Desktop/testrepo/tmp/tmp/filex103 deleted!
/home/harun/Desktop/testrepo/tmp/tmp/filex104 deleted!
/home/harun/Desktop/testrepo/tmp/tmp/filex105 deleted!
/home/harun/Desktop/testrepo/tmp/tmp/filex106 deleted!
/home/harun/Desktop/testrepo/tmp/tmp/filex107 deleted!
/home/harun/Desktop/testrepo/tmp/tmp/filex108 deleted!
/home/harun/Desktop/testrepo/tmp/tmp/filex109 deleted!
/home/harun/Desktop/testrepo/tmp/tmp/filex11 deleted!
/home/harun/Desktop/testrepo/tmp/tmp/filex110 deleted!
/home/harun/Desktop/testrepo/tmp/tmp/filex111 deleted!
/home/harun/Desktop/testrepo/tmp/tmp/filex112 deleted!
/home/harun/Desktop/testrepo/tmp/tmp/filex113 deleted!
/home/harun/Desktop/testrepo/tmp/tmp/filex114 deleted!
/home/harun/Desktop/testrepo/tmp/tmp/filex115 deleted!
/home/harun/Desktop/testrepo/tmp/tmp/filex116 deleted!
/home/harun/Desktop/testrepo/tmp/tmp/filex117 deleted!
/home/harun/Desktop/testrepo/tmp/tmp/filex118 deleted!
/home/harun/Desktop/testrepo/tmp/tmp/filex119 deleted!
/home/harun/Desktop/testrepo/tmp/tmp/filex12 deleted!
/home/harun/Desktop/testrepo/tmp/tmp/filex120 deleted!
/home/harun/Desktop/testrepo/tmp/tmp/filex121 deleted!
/home/harun/Desktop/testrepo/tmp/tmp/filex122 deleted!
/home/harun/Desktop/testrepo/tmp/tmp/filex123 deleted!
/home/harun/Desktop/testrepo/tmp/tmp/filex124 deleted!
/home/harun/Desktop/testrepo/tmp/tmp/filex125 deleted!
/home/harun/Desktop/testrepo/tmp/tmp/filex126 deleted!
/home/harun/Desktop/testrepo/tmp/tmp/filex127 deleted!
/home/harun/Desktop/testrepo/tmp/tmp/filex128 deleted!
/home/harun/Desktop/testrepo/tmp/tmp/filex129 deleted!
/home/harun/Desktop/testrepo/tmp/tmp/filex13 deleted!
/home/harun/Desktop/testrepo/tmp/tmp/filex130 deleted!
/home/harun/Desktop/testrepo/tmp/tmp/filex131 deleted!
/home/harun/Desktop/testrepo/tmp/tmp/filex132 deleted!
/home/harun/Desktop/testrepo/tmp/tmp/filex133 deleted!
/home/harun/Desktop/testrepo/tmp/tmp/filex134 deleted!
/home/harun/Desktop/testrepo/tmp/tmp/filex135 deleted!
/home/harun/Desktop/testrepo/tmp/tmp/filex136 deleted!
/home/harun/Desktop/testrepo/tmp/tmp/filex137 deleted!
/home/harun/Desktop/testrepo/tmp/tmp/filex138 deleted!
/home/harun/Desktop/testrepo/tmp/tmp/filex139 deleted!
/home/harun/Desktop/testrepo/tmp/tmp/filex14 deleted!
/home/harun/Desktop/testrepo/tmp/tmp/filex140 deleted!
/home/harun/Desktop/testrepo/tmp/tmp/filex141 deleted!
/home/harun/Desktop/testrepo/tmp/tmp/filex142 deleted!
/home/harun/Desktop/testrepo/tmp/tmp/filex143 deleted!
/home/harun/Desktop/testrepo/tmp/tmp/filex144 deleted!
/home/harun/Desktop/testrepo/tmp/tmp/filex145 deleted!
/home/harun/Desktop/testrepo/tmp/tmp/filex146 deleted!
/home/harun/Desktop/testrepo/tmp/tmp/filex147 deleted!
/home/harun/Desktop/testrepo/tmp/tmp/filex148 deleted!
/home/harun/Desktop/testrepo/tmp/tmp/filex149 deleted!
/home/harun/Desktop/testrepo/tmp/tmp/filex15 deleted!
/home/harun/Desktop/testrepo/tmp/tmp/filex150 deleted!
/home/harun/Desktop/testrepo/tmp/tmp/filex151 deleted!
/home/harun/Desktop/testrepo/tmp/tmp/filex152 deleted!
/home/harun/Desktop/testrepo/tmp/tmp/filex153 deleted!
/home/harun/Desktop/testrepo/tmp/tmp/filex154 deleted!
/home/harun/Desktop/testrepo/tmp/tmp/filex155 deleted!
/home/harun/Desktop/testrepo/tmp/tmp/filex156 deleted!
/home/harun/Desktop/testrepo/tmp/tmp/filex157 deleted!
/home/harun/Desktop/testrepo/tmp/tmp/filex158 deleted!
/home/harun/Desktop/testrepo/tmp/tmp/filex159 deleted!
/home/harun/Desktop/testrepo/tmp/tmp/filex16 deleted!
/home/harun/Desktop/testrepo/tmp/tmp/filex160 deleted!
/home/harun/Desktop/testrepo/tmp/tmp/filex161 deleted!
/home/harun/Desktop/testrepo/tmp/tmp/filex162 deleted!
/home/harun/Desktop/testrepo/tmp/tmp/filex163 deleted!
/home/harun/Desktop/testrepo/tmp/tmp/filex164 deleted!
/home/harun/Desktop/testrepo/tmp/tmp/filex165 deleted!
/home/harun/Desktop/testrepo/tmp/tmp/filex166 deleted!
/home/harun/Desktop/testrepo/tmp/tmp/filex167 deleted!
/home/harun/Desktop/testrepo/tmp/tmp/filex168 deleted!
/home/harun/Desktop/testrepo/tmp/tmp/filex169 deleted!
/home/harun/Desktop/testrepo/tmp/tmp/filex17 deleted!
/home/harun/Desktop/testrepo/tmp/tmp/filex170 deleted!
/home/harun/Desktop/testrepo/tmp/tmp/filex171 deleted!
/home/harun/Desktop/testrepo/tmp/tmp/filex172 deleted!
/home/harun/Desktop/testrepo/tmp/tmp/filex173 deleted!
/home/harun/Desktop/testrepo/tmp/tmp/filex174 deleted!
/home/harun/Desktop/testrepo/tmp/tmp/filex175 deleted!
/home/harun/Desktop/testrepo/tmp/tmp/filex176 deleted!
/home/harun/Desktop/testrepo/tmp/tmp/filex177 deleted!
/home/harun/Desktop/testrepo/tmp/tmp/filex178 deleted!
/home/harun/Desktop/testrepo/tmp/tmp/filex179 deleted!
/home/harun/Desktop/testrepo/tmp/tmp/filex18 deleted!
/home/harun/Desktop/testrepo/tmp/tmp/filex180 deleted!
/home/harun/Desktop/testrepo/tmp/tmp/filex181 deleted!
/home/harun/Desktop/testrepo/tmp/tmp/filex182 deleted!
/home/harun/Desktop/testrepo/tmp/tmp/filex183 deleted!
/home/harun/Desktop/testrepo/tmp/tmp/filex184 deleted!
/home/harun/Desktop/testrepo/tmp/tmp/filex185 deleted!
/home/harun/Desktop/testrepo/tmp/tmp/filex186 deleted!
/home/harun/Desktop/testrepo/tmp/tmp/filex187 deleted!
/home/harun/Desktop/testrepo/tmp/tmp/filex188 deleted!
/home/harun/Desktop/testrepo/tmp/tmp/filex189 deleted!
/home/harun/Desktop/testrepo/tmp/tmp/filex19 deleted!
/home/harun/Desktop/testrepo/tmp/tmp/filex190 deleted!
/home/harun/Desktop/testrepo/tmp/tmp/filex191 deleted!
/home/harun/Desktop/testrepo/tmp/tmp/filex192 deleted!
/home/harun/Desktop/testrepo/tmp/tmp/filex193 deleted!
/home/harun/Desktop/testrepo/tmp/tmp/filex194 deleted!
/home/harun/Desktop/testrepo/tmp/tmp/filex195 deleted!
/home/harun/Desktop/testrepo/tmp/tmp/filex196 deleted!
/home/harun/Desktop/testrepo/tmp/tmp/filex197 deleted!
/home/harun/Desktop/testrepo/tmp/tmp/filex198 deleted!
/home/harun/Desktop/testrepo/tmp/tmp/filex199 deleted!
/home/harun/Desktop/testrepo/tmp/tmp/filex2 deleted!
/home/harun/Desktop/testrepo/tmp/tmp/filex20 deleted!
/home/harun/Desktop/testrepo/tmp/tmp/filex200 deleted!
/home/harun/Desktop/testrepo/tmp/tmp/filex201 deleted!
/home/harun/Desktop/testrepo/tmp/tmp/filex202 deleted!
/home/harun/Desktop/testrepo/tmp/tmp/filex203 deleted!
/home/harun/Desktop/testrepo/tmp/tmp/filex204 deleted!
/home/harun/Desktop/testrepo/tmp/tmp/filex205 deleted!
/home/harun/Desktop/testrepo/tmp/tmp/filex206 deleted!
/home/harun/Desktop/testrepo/tmp/tmp/filex207 deleted!
/home/harun/Desktop/testrepo/tmp/tmp/filex208 deleted!
/home/harun/Desktop/testrepo/tmp/tmp/filex209 deleted!
/home/harun/Desktop/testrepo/tmp/tmp/filex21 deleted!
/home/harun/Desktop/testrepo/tmp/tmp/filex210 deleted!
/home/harun/Desktop/testrepo/tmp/tmp/filex211 deleted!
/home/harun/Desktop/testrepo/tmp/tmp/filex212 deleted!
/home/harun/Desktop/testrepo/tmp/tmp/filex213 deleted!
/home/harun/Desktop/testrepo/tmp/tmp/filex214 deleted!
/home/harun/Desktop/testrepo/tmp/tmp/filex215 deleted!
/home/harun/Desktop/testrepo/tmp/tmp/filex216 deleted!
/home/harun/Desktop/testrepo/tmp/tmp/filex217 deleted!
/home/harun/Desktop/testrepo/tmp/tmp/filex218 deleted!
/home/harun/Desktop/testrepo/tmp/tmp/filex219 deleted!
/home/harun/Desktop/testrepo/tmp/tmp/filex22 deleted!
/home/harun/Desktop/testrepo/tmp/tmp/filex220 deleted!
/home/harun/Desktop/testrepo/tmp/tmp/filex221 deleted!
/home/harun/Desktop/testrepo/tmp/tmp/filex222 deleted!
/home/harun/Desktop/testrepo/tmp/tmp/filex223 deleted!
/home/harun/Desktop/testrepo/tmp/tmp/filex224 deleted!
/home/harun/Desktop/testrepo/tmp/tmp/filex225 deleted!
/home/harun/Desktop/testrepo/tmp/tmp/filex226 deleted!
/home/harun/Desktop/testrepo/tmp/tmp/filex227 deleted!
/home/harun/Desktop/testrepo/tmp/tmp/filex228 deleted!
/home/harun/Desktop/testrepo/tmp/tmp/filex229 deleted!
/home/harun/Desktop/testrepo/tmp/tmp/filex23 deleted!
/home/harun/Desktop/testrepo/tmp/tmp/filex230 deleted!
/home/harun/Desktop/testrepo/tmp/tmp/filex231 deleted!
/home/harun/Desktop/testrepo/tmp/tmp/filex232 deleted!
/home/harun/Desktop/testrepo/tmp/tmp/filex233 deleted!
/home/harun/Desktop/testrepo/tmp/tmp/filex234 deleted!
/home/harun/Desktop/testrepo/tmp/tmp/filex235 deleted!
/home/harun/Desktop/testrepo/tmp/tmp/filex236 deleted!
/home/harun/Desktop/testrepo/tmp/tmp/filex237 deleted!
/home/harun/Desktop/testrepo/tmp/tmp/filex238 deleted!
/home/harun/Desktop/testrepo/tmp/tmp/filex239 deleted!
/home/harun/Desktop/testrepo/tmp/tmp/filex24 deleted!
/home/harun/Desktop/testrepo/tmp/tmp/filex240 deleted!
/home/harun/Desktop/testrepo/tmp/tmp/filex241 deleted!
/home/harun/Desktop/testrepo/tmp/tmp/filex242 deleted!
/home/harun/Desktop/testrepo/tmp/tmp/filex243 deleted!
/home/harun/Desktop/testrepo/tmp/tmp/filex244 deleted!
/home/harun/Desktop/testrepo/tmp/tmp/filex245 deleted!
/home/harun/Desktop/testrepo/tmp/tmp/filex246 deleted!
/home/harun/Desktop/testrepo/tmp/tmp/filex247 deleted!
/home/harun/Desktop/testrepo/tmp/tmp/filex248 deleted!
/home/harun/Desktop/testrepo/tmp/tmp/filex249 deleted!
/home/harun/Desktop/testrepo/tmp/tmp/filex25 deleted!
/home/harun/Desktop/testrepo/tmp/tmp/filex250 deleted!
/home/harun/Desktop/testrepo/tmp/tmp/filex251 deleted!
/home/harun/Desktop/testrepo/tmp/tmp/filex252 deleted!
/home/harun/Desktop/testrepo/tmp/tmp/filex253 deleted!
/home/harun/Desktop/testrepo/tmp/tmp/filex254 deleted!
/home/harun/Desktop/testrepo/tmp/tmp/filex255 deleted!
/home/harun/Desktop/testrepo/tmp/tmp/filex256 deleted!
/home/harun/Desktop/testrepo/tmp/tmp/filex257 deleted!
/home/harun/Desktop/testrepo/tmp/tmp/filex258 deleted!
/home/harun/Desktop/testrepo/tmp/tmp/filex259 deleted!
/home/harun/Desktop/testrepo/tmp/tmp/filex26 deleted!
/home/harun/Desktop/testrepo/tmp/tmp/filex260 deleted!
/home/harun/Desktop/testrepo/tmp/tmp/filex261 deleted!
/home/harun/Desktop/testrepo/tmp/tmp/filex262 deleted!
/home/harun/Desktop/testrepo/tmp/tmp/filex263 deleted!
/home/harun/Desktop/testrepo/tmp/tmp/filex264 deleted!
/home/harun/Desktop/testrepo/tmp/tmp/filex265 deleted!
/home/harun/Desktop/testrepo/tmp/tmp/filex266 deleted!
/home/harun/Desktop/testrepo/tmp/tmp/filex267 deleted!
/home/harun/Desktop/testrepo/tmp/tmp/filex268 deleted!
/home/harun/Desktop/testrepo/tmp/tmp/filex269 deleted!
/home/harun/Desktop/testrepo/tmp/tmp/filex27 deleted!
/home/harun/Desktop/testrepo/tmp/tmp/filex270 deleted!
/home/harun/Desktop/testrepo/tmp/tmp/filex271 deleted!
/home/harun/Desktop/testrepo/tmp/tmp/filex272 deleted!
/home/harun/Desktop/testrepo/tmp/tmp/filex273 deleted!
/home/harun/Desktop/testrepo/tmp/tmp/filex274 deleted!
/home/harun/Desktop/testrepo/tmp/tmp/filex275 deleted!
/home/harun/Desktop/testrepo/tmp/tmp/filex276 deleted!
/home/harun/Desktop/testrepo/tmp/tmp/filex277 deleted!
/home/harun/Desktop/testrepo/tmp/tmp/filex278 deleted!
/home/harun/Desktop/testrepo/tmp/tmp/filex279 deleted!
/home/harun/Desktop/testrepo/tmp/tmp/filex28 deleted!
/home/harun/Desktop/testrepo/tmp/tmp/filex280 deleted!
/home/harun/Desktop/testrepo/tmp/tmp/filex281 deleted!
/home/harun/Desktop/testrepo/tmp/tmp/filex282 deleted!
/home/harun/Desktop/testrepo/tmp/tmp/filex283 deleted!
/home/harun/Desktop/testrepo/tmp/tmp/filex284 deleted!
/home/harun/Desktop/testrepo/tmp/tmp/filex285 deleted!
/home/harun/Desktop/testrepo/tmp/tmp/filex286 deleted!
/home/harun/Desktop/testrepo/tmp/tmp/filex287 deleted!
/home/harun/Desktop/testrepo/tmp/tmp/filex288 deleted!
/home/harun/Desktop/testrepo/tmp/tmp/filex289 deleted!
/home/harun/Desktop/testrepo/tmp/tmp/filex29 deleted!
/home/harun/Desktop/testrepo/tmp/tmp/filex290 deleted!
/home/harun/Desktop/testrepo/tmp/tmp/filex291 deleted!
/home/harun/Desktop/testrepo/tmp/tmp/filex292 deleted!
/home/harun/Desktop/testrepo/tmp/tmp/filex293 deleted!
/home/harun/Desktop/testrepo/tmp/tmp/filex294 deleted!
/home/harun/Desktop/testrepo/tmp/tmp/filex295 deleted!
/home/harun/Desktop/testrepo/tmp/tmp/filex296 deleted!
/home/harun/Desktop/testrepo/tmp/tmp/filex297 deleted!
/home/harun/Desktop/testrepo/tmp/tmp/filex298 deleted!
/home/harun/Desktop/testrepo/tmp/tmp/filex299 deleted!
/home/harun/Desktop/testrepo/tmp/tmp/filex3 deleted!
/home/harun/Desktop/testrepo/tmp/tmp/filex30 deleted!
/home/harun/Desktop/testrepo/tmp/tmp/filex300 deleted!
/home/harun/Desktop/testrepo/tmp/tmp/filex301 deleted!
/home/harun/Desktop/testrepo/tmp/tmp/filex302 deleted!
/home/harun/Desktop/testrepo/tmp/tmp/filex303 deleted!
/home/harun/Desktop/testrepo/tmp/tmp/filex304 deleted!
/home/harun/Desktop/testrepo/tmp/tmp/filex305 deleted!
/home/harun/Desktop/testrepo/tmp/tmp/filex306 deleted!
/home/harun/Desktop/testrepo/tmp/tmp/filex307 deleted!
/home/harun/Desktop/testrepo/tmp/tmp/filex308 deleted!
/home/harun/Desktop/testrepo/tmp/tmp/filex309 deleted!
/home/harun/Desktop/testrepo/tmp/tmp/filex31 deleted!
/home/harun/Desktop/testrepo/tmp/tmp/filex310 deleted!
/home/harun/Desktop/testrepo/tmp/tmp/filex311 deleted!
/home/harun/Desktop/testrepo/tmp/tmp/filex312 deleted!
/home/harun/Desktop/testrepo/tmp/tmp/filex313 deleted!
/home/harun/Desktop/testrepo/tmp/tmp/filex314 deleted!
/home/harun/Desktop/testrepo/tmp/tmp/filex315 deleted!
/home/harun/Desktop/testrepo/tmp/tmp/filex316 deleted!
/home/harun/Desktop/testrepo/tmp/tmp/filex317 deleted!
/home/harun/Desktop/testrepo/tmp/tmp/filex318 deleted!
/home/harun/Desktop/testrepo/tmp/tmp/filex319 deleted!
/home/harun/Desktop/testrepo/tmp/tmp/filex32 deleted!
/home/harun/Desktop/testrepo/tmp/tmp/filex320 deleted!
/home/harun/Desktop/testrepo/tmp/tmp/filex321 deleted!
/home/harun/Desktop/testrepo/tmp/tmp/filex322 deleted!
/home/harun/Desktop/testrepo/tmp/tmp/filex323 deleted!
/home/harun/Desktop/testrepo/tmp/tmp/filex324 deleted!
/home/harun/Desktop/testrepo/tmp/tmp/filex325 deleted!
/home/harun/Desktop/testrepo/tmp/tmp/filex326 deleted!
/home/harun/Desktop/testrepo/tmp/tmp/filex327 deleted!
/home/harun/Desktop/testrepo/tmp/tmp/filex328 deleted!
/home/harun/Desktop/testrepo/tmp/tmp/filex329 deleted!
/home/harun/Desktop/testrepo/tmp/tmp/filex33 deleted!
/home/harun/Desktop/testrepo/tmp/tmp/filex330 deleted!
/home/harun/Desktop/testrepo/tmp/tmp/filex331 deleted!
/home/harun/Desktop/testrepo/tmp/tmp/filex332 deleted!
/home/harun/Desktop/testrepo/tmp/tmp/filex333 deleted!
/home/harun/Desktop/testrepo/tmp/tmp/filex334 deleted!
/home/harun/Desktop/testrepo/tmp/tmp/filex335 deleted!
/home/harun/Desktop/testrepo/tmp/tmp/filex336 deleted!
/home/harun/Desktop/testrepo/tmp/tmp/filex337 deleted!
/home/harun/Desktop/testrepo/tmp/tmp/filex338 deleted!
/home/harun/Desktop/testrepo/tmp/tmp/filex339 deleted!
/home/harun/Desktop/testrepo/tmp/tmp/filex34 deleted!
/home/harun/Desktop/testrepo/tmp/tmp/filex340 deleted!
/home/harun/Desktop/testrepo/tmp/tmp/filex341 deleted!
/home/harun/Desktop/testrepo/tmp/tmp/filex342 deleted!
/home/harun/Desktop/testrepo/tmp/tmp/filex343 deleted!
/home/harun/Desktop/testrepo/tmp/tmp/filex344 deleted!
/home/harun/Desktop/testrepo/tmp/tmp/filex345 deleted!
/home/harun/Desktop/testrepo/tmp/tmp/filex346 deleted!
/home/harun/Desktop/testrepo/tmp/tmp/filex347 deleted!
/home/harun/Desktop/testrepo/tmp/tmp/filex348 deleted!
/home/harun/Desktop/testrepo/tmp/tmp/filex349 deleted!
/home/harun/Desktop/testrepo/tmp/tmp/filex35 deleted!
/home/harun/Desktop/testrepo/tmp/tmp/filex350 deleted!
/home/harun/Desktop/testrepo/tmp/tmp/filex351 deleted!
/home/harun/Desktop/testrepo/tmp/tmp/filex352 deleted!
/home/harun/Desktop/testrepo/tmp/tmp/filex353 deleted!
/home/harun/Desktop/testrepo/tmp/tmp/filex354 deleted!
/home/harun/Desktop/testrepo/tmp/tmp/filex355 deleted!
/home/harun/Desktop/testrepo/tmp/tmp/filex356 deleted!
/home/harun/Desktop/testrepo/tmp/tmp/filex357 deleted!
/home/harun/Desktop/testrepo/tmp/tmp/filex358 deleted!
/home/harun/Desktop/testrepo/tmp/tmp/filex359 deleted!
/home/harun/Desktop/testrepo/tmp/tmp/filex36 deleted!
/home/harun/Desktop/testrepo/tmp/tmp/filex360 deleted!
/home/harun/Desktop/testrepo/tmp/tmp/filex361 deleted!
/home/harun/Desktop/testrepo/tmp/tmp/filex362 deleted!
/home/harun/Desktop/testrepo/tmp/tmp/filex363 deleted!
/home/harun/Desktop/testrepo/tmp/tmp/filex364 deleted!
/home/harun/Desktop/testrepo/tmp/tmp/filex365 deleted!
/home/harun/Desktop/testrepo/tmp/tmp/filex366 deleted!
/home/harun/Desktop/testrepo/tmp/tmp/filex367 deleted!
/home/harun/Desktop/testrepo/tmp/tmp/filex368 deleted!
/home/harun/Desktop/testrepo/tmp/tmp/filex369 deleted!
/home/harun/Desktop/testrepo/tmp/tmp/filex37 deleted!
/home/harun/Desktop/testrepo/tmp/tmp/filex370 deleted!
/home/harun/Desktop/testrepo/tmp/tmp/filex371 deleted!
/home/harun/Desktop/testrepo/tmp/tmp/filex372 deleted!
/home/harun/Desktop/testrepo/tmp/tmp/filex373 deleted!
/home/harun/Desktop/testrepo/tmp/tmp/filex374 deleted!
/home/harun/Desktop/testrepo/tmp/tmp/filex375 deleted!
/home/harun/Desktop/testrepo/tmp/tmp/filex376 deleted!
/home/harun/Desktop/testrepo/tmp/tmp/filex377 deleted!
/home/harun/Desktop/testrepo/tmp/tmp/filex378 deleted!
/home/harun/Desktop/testrepo/tmp/tmp/filex379 deleted!
/home/harun/Desktop/testrepo/tmp/tmp/filex38 deleted!
/home/harun/Desktop/testrepo/tmp/tmp/filex380 deleted!
/home/harun/Desktop/testrepo/tmp/tmp/filex381 deleted!
/home/harun/Desktop/testrepo/tmp/tmp/filex382 deleted!
/home/harun/Desktop/testrepo/tmp/tmp/filex383 deleted!
/home/harun/Desktop/testrepo/tmp/tmp/filex384 deleted!
/home/harun/Desktop/testrepo/tmp/tmp/filex385 deleted!
/home/harun/Desktop/testrepo/tmp/tmp/filex386 deleted!
/home/harun/Desktop/testrepo/tmp/tmp/filex387 deleted!
/home/harun/Desktop/testrepo/tmp/tmp/filex388 deleted!
/home/harun/Desktop/testrepo/tmp/tmp/filex389 deleted!
/home/harun/Desktop/testrepo/tmp/tmp/filex39 deleted!
/home/harun/Desktop/testrepo/tmp/tmp/filex390 deleted!
/home/harun/Desktop/testrepo/tmp/tmp/filex391 deleted!
/home/harun/Desktop/testrepo/tmp/tmp/filex392 deleted!
/home/harun/Desktop/testrepo/tmp/tmp/filex393 deleted!
/home/harun/Desktop/testrepo/tmp/tmp/filex394 deleted!
/home/harun/Desktop/testrepo/tmp/tmp/filex395 deleted!
/home/harun/Desktop/testrepo/tmp/tmp/filex396 deleted!
/home/harun/Desktop/testrepo/tmp/tmp/filex397 deleted!
/home/harun/Desktop/testrepo/tmp/tmp/filex398 deleted!
/home/harun/Desktop/testrepo/tmp/tmp/filex399 deleted!
/home/harun/Desktop/testrepo/tmp/tmp/filex4 deleted!
/home/harun/Desktop/testrepo/tmp/tmp/filex40 deleted!
/home/harun/Desktop/testrepo/tmp/tmp/filex400 deleted!
/home/harun/Desktop/testrepo/tmp/tmp/filex401 deleted!
/home/harun/Desktop/testrepo/tmp/tmp/filex402 deleted!
/home/harun/Desktop/testrepo/tmp/tmp/filex403 deleted!
/home/harun/Desktop/testrepo/tmp/tmp/filex404 deleted!
/home/harun/Desktop/testrepo/tmp/tmp/filex405 deleted!
/home/harun/Desktop/testrepo/tmp/tmp/filex406 deleted!
/home/harun/Desktop/testrepo/tmp/tmp/filex407 deleted!
/home/harun/Desktop/testrepo/tmp/tmp/filex408 deleted!
/home/harun/Desktop/testrepo/tmp/tmp/filex409 deleted!
/home/harun/Desktop/testrepo/tmp/tmp/filex41 deleted!
/home/harun/Desktop/testrepo/tmp/tmp/filex410 deleted!
/home/harun/Desktop/testrepo/tmp/tmp/filex411 deleted!
/home/harun/Desktop/testrepo/tmp/tmp/filex412 deleted!
/home/harun/Desktop/testrepo/tmp/tmp/filex413 deleted!
/home/harun/Desktop/testrepo/tmp/tmp/filex414 deleted!
/home/harun/Desktop/testrepo/tmp/tmp/filex415 deleted!
/home/harun/Desktop/testrepo/tmp/tmp/filex416 deleted!
/home/harun/Desktop/testrepo/tmp/tmp/filex417 deleted!
/home/harun/Desktop/testrepo/tmp/tmp/filex418 deleted!
/home/harun/Desktop/testrepo/tmp/tmp/filex419 deleted!
/home/harun/Desktop/testrepo/tmp/tmp/filex42 deleted!
/home/harun/Desktop/testrepo/tmp/tmp/filex420 deleted!
/home/harun/Desktop/testrepo/tmp/tmp/filex421 deleted!
/home/harun/Desktop/testrepo/tmp/tmp/filex422 deleted!
/home/harun/Desktop/testrepo/tmp/tmp/filex423 deleted!
/home/harun/Desktop/testrepo/tmp/tmp/filex424 deleted!
/home/harun/Desktop/testrepo/tmp/tmp/filex425 deleted!
/home/harun/Desktop/testrepo/tmp/tmp/filex426 deleted!
/home/harun/Desktop/testrepo/tmp/tmp/filex427 deleted!
/home/harun/Desktop/testrepo/tmp/tmp/filex428 deleted!
/home/harun/Desktop/testrepo/tmp/tmp/filex429 deleted!
/home/harun/Desktop/testrepo/tmp/tmp/filex43 deleted!
/home/harun/Desktop/testrepo/tmp/tmp/filex430 deleted!
/home/harun/Desktop/testrepo/tmp/tmp/filex431 deleted!
/home/harun/Desktop/testrepo/tmp/tmp/filex432 deleted!
/home/harun/Desktop/testrepo/tmp/tmp/filex433 deleted!
/home/harun/Desktop/testrepo/tmp/tmp/filex434 deleted!
/home/harun/Desktop/testrepo/tmp/tmp/filex435 deleted!
/home/harun/Desktop/testrepo/tmp/tmp/filex436 deleted!
/home/harun/Desktop/testrepo/tmp/tmp/filex437 deleted!
/home/harun/Desktop/testrepo/tmp/tmp/filex438 deleted!
/home/harun/Desktop/testrepo/tmp/tmp/filex439 deleted!
/home/harun/Desktop/testrepo/tmp/tmp/filex44 deleted!
/home/harun/Desktop/testrepo/tmp/tmp/filex440 deleted!
/home/harun/Desktop/testrepo/tmp/tmp/filex441 deleted!
/home/harun/Desktop/testrepo/tmp/tmp/filex442 deleted!
/home/harun/Desktop/testrepo/tmp/tmp/filex443 deleted!
/home/harun/Desktop/testrepo/tmp/tmp/filex444 deleted!
/home/harun/Desktop/testrepo/tmp/tmp/filex445 deleted!
/home/harun/Desktop/testrepo/tmp/tmp/filex446 deleted!
/home/harun/Desktop/testrepo/tmp/tmp/filex447 deleted!
/home/harun/Desktop/testrepo/tmp/tmp/filex448 deleted!
/home/harun/Desktop/testrepo/tmp/tmp/filex449 deleted!
/home/harun/Desktop/testrepo/tmp/tmp/filex45 deleted!
/home/harun/Desktop/testrepo/tmp/tmp/filex450 deleted!
/home/harun/Desktop/testrepo/tmp/tmp/filex451 deleted!
/home/harun/Desktop/testrepo/tmp/tmp/filex452 deleted!
/home/harun/Desktop/testrepo/tmp/tmp/filex453 deleted!
/home/harun/Desktop/testrepo/tmp/tmp/filex454 deleted!
/home/harun/Desktop/testrepo/tmp/tmp/filex455 deleted!
/home/harun/Desktop/testrepo/tmp/tmp/filex456 deleted!
/home/harun/Desktop/testrepo/tmp/tmp/filex457 deleted!
/home/harun/Desktop/testrepo/tmp/tmp/filex458 deleted!
/home/harun/Desktop/testrepo/tmp/tmp/filex459 deleted!
/home/harun/Desktop/testrepo/tmp/tmp/filex46 deleted!
/home/harun/Desktop/testrepo/tmp/tmp/filex460 deleted!
/home/harun/Desktop/testrepo/tmp/tmp/filex461 deleted!
/home/harun/Desktop/testrepo/tmp/tmp/filex462 deleted!
/home/harun/Desktop/testrepo/tmp/tmp/filex463 deleted!
/home/harun/Desktop/testrepo/tmp/tmp/filex464 deleted!
/home/harun/Desktop/testrepo/tmp/tmp/filex465 deleted!
/home/harun/Desktop/testrepo/tmp/tmp/filex466 deleted!
/home/harun/Desktop/testrepo/tmp/tmp/filex467 deleted!
/home/harun/Desktop/testrepo/tmp/tmp/filex468 deleted!
/home/harun/Desktop/testrepo/tmp/tmp/filex469 deleted!
/home/harun/Desktop/testrepo/tmp/tmp/filex47 deleted!
/home/harun/Desktop/testrepo/tmp/tmp/filex470 deleted!
/home/harun/Desktop/testrepo/tmp/tmp/filex471 deleted!
/home/harun/Desktop/testrepo/tmp/tmp/filex472 deleted!
/home/harun/Desktop/testrepo/tmp/tmp/filex473 deleted!
/home/harun/Desktop/testrepo/tmp/tmp/filex474 deleted!
/home/harun/Desktop/testrepo/tmp/tmp/filex475 deleted!
/home/harun/Desktop/testrepo/tmp/tmp/filex476 deleted!
/home/harun/Desktop/testrepo/tmp/tmp/filex477 deleted!
/home/harun/Desktop/testrepo/tmp/tmp/filex478 deleted!
/home/harun/Desktop/testrepo/tmp/tmp/filex479 deleted!
/home/harun/Desktop/testrepo/tmp/tmp/filex48 deleted!
/home/harun/Desktop/testrepo/tmp/tmp/filex480 deleted!
/home/harun/Desktop/testrepo/tmp/tmp/filex481 deleted!
/home/harun/Desktop/testrepo/tmp/tmp/filex482 deleted!
/home/harun/Desktop/testrepo/tmp/tmp/filex483 deleted!
/home/harun/Desktop/testrepo/tmp/tmp/filex484 deleted!
/home/harun/Desktop/testrepo/tmp/tmp/filex485 deleted!
/home/harun/Desktop/testrepo/tmp/tmp/filex486 deleted!
/home/harun/Desktop/testrepo/tmp/tmp/filex487 deleted!
/home/harun/Desktop/testrepo/tmp/tmp/filex488 deleted!
/home/harun/Desktop/testrepo/tmp/tmp/filex489 deleted!
/home/harun/Desktop/testrepo/tmp/tmp/filex49 deleted!
/home/harun/Desktop/testrepo/tmp/tmp/filex490 deleted!
/home/harun/Desktop/testrepo/tmp/tmp/filex491 deleted!
/home/harun/Desktop/testrepo/tmp/tmp/filex492 deleted!
/home/harun/Desktop/testrepo/tmp/tmp/filex493 deleted!
/home/harun/Desktop/testrepo/tmp/tmp/filex494 deleted!
/home/harun/Desktop/testrepo/tmp/tmp/filex495 deleted!
/home/harun/Desktop/testrepo/tmp/tmp/filex496 deleted!
/home/harun/Desktop/testrepo/tmp/tmp/filex497 deleted!
/home/harun/Desktop/testrepo/tmp/tmp/filex498 deleted!
/home/harun/Desktop/testrepo/tmp/tmp/filex499 deleted!
/home/harun/Desktop/testrepo/tmp/tmp/filex5 deleted!
/home/harun/Desktop/testrepo/tmp/tmp/filex50 deleted!
/home/harun/Desktop/testrepo/tmp/tmp/filex500 deleted!
/home/harun/Desktop/testrepo/tmp/tmp/filex501 deleted!
/home/harun/Desktop/testrepo/tmp/tmp/filex502 deleted!
/home/harun/Desktop/testrepo/tmp/tmp/filex503 deleted!
/home/harun/Desktop/testrepo/tmp/tmp/filex504 deleted!
/home/harun/Desktop/testrepo/tmp/tmp/filex505 deleted!
/home/harun/Desktop/testrepo/tmp/tmp/filex506 deleted!
/home/harun/Desktop/testrepo/tmp/tmp/filex507 deleted!
/home/harun/Desktop/testrepo/tmp/tmp/filex508 deleted!
/home/harun/Desktop/testrepo/tmp/tmp/filex509 deleted!
/home/harun/Desktop/testrepo/tmp/tmp/filex51 deleted!
/home/harun/Desktop/testrepo/tmp/tmp/filex510 deleted!
/home/harun/Desktop/testrepo/tmp/tmp/filex511 deleted!
/home/harun/Desktop/testrepo/tmp/tmp/filex512 deleted!
/home/harun/Desktop/testrepo/tmp/tmp/filex513 deleted!
/home/harun/Desktop/testrepo/tmp/tmp/filex514 deleted!
/home/harun/Desktop/testrepo/tmp/tmp/filex515 deleted!
/home/harun/Desktop/testrepo/tmp/tmp/filex516 deleted!
/home/harun/Desktop/testrepo/tmp/tmp/filex517 deleted!
/home/harun/Desktop/testrepo/tmp/tmp/filex518 deleted!
/home/harun/Desktop/testrepo/tmp/tmp/filex519 deleted!
/home/harun/Desktop/testrepo/tmp/tmp/filex52 deleted!
/home/harun/Desktop/testrepo/tmp/tmp/filex520 deleted!
/home/harun/Desktop/testrepo/tmp/tmp/filex521 deleted!
/home/harun/Desktop/testrepo/tmp/tmp/filex522 deleted!
/home/harun/Desktop/testrepo/tmp/tmp/filex523 deleted!
/home/harun/Desktop/testrepo/tmp/tmp/filex524 deleted!
/home/harun/Desktop/testrepo/tmp/tmp/filex525 deleted!
/home/harun/Desktop/testrepo/tmp/tmp/filex526 deleted!
/home/harun/Desktop/testrepo/tmp/tmp/filex527 deleted!
/home/harun/Desktop/testrepo/tmp/tmp/filex528 deleted!
/home/harun/Desktop/testrepo/tmp/tmp/filex529 deleted!
/home/harun/Desktop/testrepo/tmp/tmp/filex53 deleted!
/home/harun/Desktop/testrepo/tmp/tmp/filex530 deleted!
/home/harun/Desktop/testrepo/tmp/tmp/filex531 deleted!
/home/harun/Desktop/testrepo/tmp/tmp/filex532 deleted!
/home/harun/Desktop/testrepo/tmp/tmp/filex533 deleted!
/home/harun/Desktop/testrepo/tmp/tmp/filex534 deleted!
/home/harun/Desktop/testrepo/tmp/tmp/filex535 deleted!
/home/harun/Desktop/testrepo/tmp/tmp/filex536 deleted!
/home/harun/Desktop/testrepo/tmp/tmp/filex537 deleted!
/home/harun/Desktop/testrepo/tmp/tmp/filex538 deleted!
/home/harun/Desktop/testrepo/tmp/tmp/filex539 deleted!
/home/harun/Desktop/testrepo/tmp/tmp/filex54 deleted!
/home/harun/Desktop/testrepo/tmp/tmp/filex540 deleted!
/home/harun/Desktop/testrepo/tmp/tmp/filex541 deleted!
/home/harun/Desktop/testrepo/tmp/tmp/filex542 deleted!
/home/harun/Desktop/testrepo/tmp/tmp/filex543 deleted!
/home/harun/Desktop/testrepo/tmp/tmp/filex544 deleted!
/home/harun/Desktop/testrepo/tmp/tmp/filex545 deleted!
/home/harun/Desktop/testrepo/tmp/tmp/filex546 deleted!
/home/harun/Desktop/testrepo/tmp/tmp/filex547 deleted!
/home/harun/Desktop/testrepo/tmp/tmp/filex548 deleted!
/home/harun/Desktop/testrepo/tmp/tmp/filex549 deleted!
/home/harun/Desktop/testrepo/tmp/tmp/filex55 deleted!
/home/harun/Desktop/testrepo/tmp/tmp/filex550 deleted!
/home/harun/Desktop/testrepo/tmp/tmp/filex551 deleted!
/home/harun/Desktop/testrepo/tmp/tmp/filex552 deleted!
/home/harun/Desktop/testrepo/tmp/tmp/filex553 deleted!
/home/harun/Desktop/testrepo/tmp/tmp/filex554 deleted!
/home/harun/Desktop/testrepo/tmp/tmp/filex555 deleted!
/home/harun/Desktop/testrepo/tmp/tmp/filex556 deleted!
/home/harun/Desktop/testrepo/tmp/tmp/filex557 deleted!
/home/harun/Desktop/testrepo/tmp/tmp/filex558 deleted!
/home/harun/Desktop/testrepo/tmp/tmp/filex559 deleted!
/home/harun/Desktop/testrepo/tmp/tmp/filex56 deleted!
/home/harun/Desktop/testrepo/tmp/tmp/filex560 deleted!
/home/harun/Desktop/testrepo/tmp/tmp/filex561 deleted!
/home/harun/Desktop/testrepo/tmp/tmp/filex562 deleted!
/home/harun/Desktop/testrepo/tmp/tmp/filex563 deleted!
/home/harun/Desktop/testrepo/tmp/tmp/filex564 deleted!
/home/harun/Desktop/testrepo/tmp/tmp/filex565 deleted!
/home/harun/Desktop/testrepo/tmp/tmp/filex566 deleted!
/home/harun/Desktop/testrepo/tmp/tmp/filex567 deleted!
/home/harun/Desktop/testrepo/tmp/tmp/filex568 deleted!
/home/harun/Desktop/testrepo/tmp/tmp/filex569 deleted!
/home/harun/Desktop/testrepo/tmp/tmp/filex57 deleted!
/home/harun/Desktop/testrepo/tmp/tmp/filex570 deleted!
/home/harun/Desktop/testrepo/tmp/tmp/filex571 deleted!
/home/harun/Desktop/testrepo/tmp/tmp/filex572 deleted!
/home/harun/Desktop/testrepo/tmp/tmp/filex573 deleted!
/home/harun/Desktop/testrepo/tmp/tmp/filex574 deleted!
/home/harun/Desktop/testrepo/tmp/tmp/filex575 deleted!
/home/harun/Desktop/testrepo/tmp/tmp/filex576 deleted!
/home/harun/Desktop/testrepo/tmp/tmp/filex577 deleted!
/home/harun/Desktop/testrepo/tmp/tmp/filex578 deleted!
/home/harun/Desktop/testrepo/tmp/tmp/filex579 deleted!
/home/harun/Desktop/testrepo/tmp/tmp/filex58 deleted!
/home/harun/Desktop/testrepo/tmp/tmp/filex580 deleted!
/home/harun/Desktop/testrepo/tmp/tmp/filex581 deleted!
/home/harun/Desktop/testrepo/tmp/tmp/filex582 deleted!
/home/harun/Desktop/testrepo/tmp/tmp/filex583 deleted!
/home/harun/Desktop/testrepo/tmp/tmp/filex584 deleted!
/home/harun/Desktop/testrepo/tmp/tmp/filex585 deleted!
/home/harun/Desktop/testrepo/tmp/tmp/filex586 deleted!
/home/harun/Desktop/testrepo/tmp/tmp/filex587 deleted!
/home/harun/Desktop/testrepo/tmp/tmp/filex588 deleted!
/home/harun/Desktop/testrepo/tmp/tmp/filex589 deleted!
/home/harun/Desktop/testrepo/tmp/tmp/filex59 deleted!
/home/harun/Desktop/testrepo/tmp/tmp/filex590 deleted!
/home/harun/Desktop/testrepo/tmp/tmp/filex591 deleted!
/home/harun/Desktop/testrepo/tmp/tmp/filex592 deleted!
/home/harun/Desktop/testrepo/tmp/tmp/filex593 deleted!
/home/harun/Desktop/testrepo/tmp/tmp/filex594 deleted!
/home/harun/Desktop/testrepo/tmp/tmp/filex595 deleted!
/home/harun/Desktop/testrepo/tmp/tmp/filex596 deleted!
/home/harun/Desktop/testrepo/tmp/tmp/filex597 deleted!
/home/harun/Desktop/testrepo/tmp/tmp/filex598 deleted!
/home/harun/Desktop/testrepo/tmp/tmp/filex599 deleted!
/home/harun/Desktop/testrepo/tmp/tmp/filex6 deleted!
/home/harun/Desktop/testrepo/tmp/tmp/filex60 deleted!
/home/harun/Desktop/testrepo/tmp/tmp/filex600 deleted!
/home/harun/Desktop/testrepo/tmp/tmp/filex601 deleted!
/home/harun/Desktop/testrepo/tmp/tmp/filex602 deleted!
/home/harun/Desktop/testrepo/tmp/tmp/filex603 deleted!
/home/harun/Desktop/testrepo/tmp/tmp/filex604 deleted!
/home/harun/Desktop/testrepo/tmp/tmp/filex605 deleted!
/home/harun/Desktop/testrepo/tmp/tmp/filex606 deleted!
/home/harun/Desktop/testrepo/tmp/tmp/filex607 deleted!
/home/harun/Desktop/testrepo/tmp/tmp/filex608 deleted!
/home/harun/Desktop/testrepo/tmp/tmp/filex609 deleted!
/home/harun/Desktop/testrepo/tmp/tmp/filex61 deleted!
/home/harun/Desktop/testrepo/tmp/tmp/filex610 deleted!
/home/harun/Desktop/testrepo/tmp/tmp/filex611 deleted!
/home/harun/Desktop/testrepo/tmp/tmp/filex612 deleted!
/home/harun/Desktop/testrepo/tmp/tmp/filex613 deleted!
/home/harun/Desktop/testrepo/tmp/tmp/filex614 deleted!
/home/harun/Desktop/testrepo/tmp/tmp/filex615 deleted!
/home/harun/Desktop/testrepo/tmp/tmp/filex616 deleted!
/home/harun/Desktop/testrepo/tmp/tmp/filex617 deleted!
/home/harun/Desktop/testrepo/tmp/tmp/filex618 deleted!
/home/harun/Desktop/testrepo/tmp/tmp/filex619 deleted!
/home/harun/Desktop/testrepo/tmp/tmp/filex62 deleted!
/home/harun/Desktop/testrepo/tmp/tmp/filex620 deleted!
/home/harun/Desktop/testrepo/tmp/tmp/filex621 deleted!
/home/harun/Desktop/testrepo/tmp/tmp/filex622 deleted!
/home/harun/Desktop/testrepo/tmp/tmp/filex623 deleted!
/home/harun/Desktop/testrepo/tmp/tmp/filex624 deleted!
/home/harun/Desktop/testrepo/tmp/tmp/filex625 deleted!
/home/harun/Desktop/testrepo/tmp/tmp/filex626 deleted!
/home/harun/Desktop/testrepo/tmp/tmp/filex627 deleted!
/home/harun/Desktop/testrepo/tmp/tmp/filex628 deleted!
/home/harun/Desktop/testrepo/tmp/tmp/filex629 deleted!
/home/harun/Desktop/testrepo/tmp/tmp/filex63 deleted!
/home/harun/Desktop/testrepo/tmp/tmp/filex630 deleted!
/home/harun/Desktop/testrepo/tmp/tmp/filex631 deleted!
/home/harun/Desktop/testrepo/tmp/tmp/filex632 deleted!
/home/harun/Desktop/testrepo/tmp/tmp/filex633 deleted!
/home/harun/Desktop/testrepo/tmp/tmp/filex634 deleted!
/home/harun/Desktop/testrepo/tmp/tmp/filex635 deleted!
/home/harun/Desktop/testrepo/tmp/tmp/filex636 deleted!
/home/harun/Desktop/testrepo/tmp/tmp/filex637 deleted!
/home/harun/Desktop/testrepo/tmp/tmp/filex638 deleted!
/home/harun/Desktop/testrepo/tmp/tmp/filex639 deleted!
/home/harun/Desktop/testrepo/tmp/tmp/filex64 deleted!
/home/harun/Desktop/testrepo/tmp/tmp/filex640 deleted!
/home/harun/Desktop/testrepo/tmp/tmp/filex641 deleted!
/home/harun/Desktop/testrepo/tmp/tmp/filex642 deleted!
/home/harun/Desktop/testrepo/tmp/tmp/filex643 deleted!
/home/harun/Desktop/testrepo/tmp/tmp/filex644 deleted!
/home/harun/Desktop/testrepo/tmp/tmp/filex645 deleted!
/home/harun/Desktop/testrepo/tmp/tmp/filex646 deleted!
/home/harun/Desktop/testrepo/tmp/tmp/filex647 deleted!
/home/harun/Desktop/testrepo/tmp/tmp/filex648 deleted!
/home/harun/Desktop/testrepo/tmp/tmp/filex649 deleted!
/home/harun/Desktop/testrepo/tmp/tmp/filex65 deleted!
/home/harun/Desktop/testrepo/tmp/tmp/filex650 deleted!
/home/harun/Desktop/testrepo/tmp/tmp/filex651 deleted!
/home/harun/Desktop/testrepo/tmp/tmp/filex652 deleted!
/home/harun/Desktop/testrepo/tmp/tmp/filex653 deleted!
/home/harun/Desktop/testrepo/tmp/tmp/filex654 deleted!
/home/harun/Desktop/testrepo/tmp/tmp/filex655 deleted!
/home/harun/Desktop/testrepo/tmp/tmp/filex656 deleted!
/home/harun/Desktop/testrepo/tmp/tmp/filex657 deleted!
/home/harun/Desktop/testrepo/tmp/tmp/filex658 deleted!
/home/harun/Desktop/testrepo/tmp/tmp/filex659 deleted!
/home/harun/Desktop/testrepo/tmp/tmp/filex66 deleted!
/home/harun/Desktop/testrepo/tmp/tmp/filex660 deleted!
/home/harun/Desktop/testrepo/tmp/tmp/filex661 deleted!
/home/harun/Desktop/testrepo/tmp/tmp/filex662 deleted!
/home/harun/Desktop/testrepo/tmp/tmp/filex663 deleted!
/home/harun/Desktop/testrepo/tmp/tmp/filex664 deleted!
/home/harun/Desktop/testrepo/tmp/tmp/filex665 deleted!
/home/harun/Desktop/testrepo/tmp/tmp/filex666 deleted!
/home/harun/Desktop/testrepo/tmp/tmp/filex667 deleted!
/home/harun/Desktop/testrepo/tmp/tmp/filex668 deleted!
/home/harun/Desktop/testrepo/tmp/tmp/filex669 deleted!
/home/harun/Desktop/testrepo/tmp/tmp/filex67 deleted!
/home/harun/Desktop/testrepo/tmp/tmp/filex670 deleted!
/home/harun/Desktop/testrepo/tmp/tmp/filex671 deleted!
/home/harun/Desktop/testrepo/tmp/tmp/filex672 deleted!
/home/harun/Desktop/testrepo/tmp/tmp/filex673 deleted!
/home/harun/Desktop/testrepo/tmp/tmp/filex674 deleted!
/home/harun/Desktop/testrepo/tmp/tmp/filex675 deleted!
/home/harun/Desktop/testrepo/tmp/tmp/filex676 deleted!
/home/harun/Desktop/testrepo/tmp/tmp/filex677 deleted!
/home/harun/Desktop/testrepo/tmp/tmp/filex678 deleted!
/home/harun/Desktop/testrepo/tmp/tmp/filex679 deleted!
/home/harun/Desktop/testrepo/tmp/tmp/filex68 deleted!
/home/harun/Desktop/testrepo/tmp/tmp/filex680 deleted!
/home/harun/Desktop/testrepo/tmp/tmp/filex681 deleted!
/home/harun/Desktop/testrepo/tmp/tmp/filex682 deleted!
/home/harun/Desktop/testrepo/tmp/tmp/filex683 deleted!
/home/harun/Desktop/testrepo/tmp/tmp/filex684 deleted!
/home/harun/Desktop/testrepo/tmp/tmp/filex685 deleted!
/home/harun/Desktop/testrepo/tmp/tmp/filex686 deleted!
/home/harun/Desktop/testrepo/tmp/tmp/filex687 deleted!
/home/harun/Desktop/testrepo/tmp/tmp/filex688 deleted!
/home/harun/Desktop/testrepo/tmp/tmp/filex689 deleted!
/home/harun/Desktop/testrepo/tmp/tmp/filex69 deleted!
/home/harun/Desktop/testrepo/tmp/tmp/filex690 deleted!
/home/harun/Desktop/testrepo/tmp/tmp/filex691 deleted!
/home/harun/Desktop/testrepo/tmp/tmp/filex692 deleted!
/home/harun/Desktop/testrepo/tmp/tmp/filex693 deleted!
/home/harun/Desktop/testrepo/tmp/tmp/filex694 deleted!
/home/harun/Desktop/testrepo/tmp/tmp/filex695 deleted!
/home/harun/Desktop/testrepo/tmp/tmp/filex696 deleted!
/home/harun/Desktop/testrepo/tmp/tmp/filex697 deleted!
/home/harun/Desktop/testrepo/tmp/tmp/filex698 deleted!
/home/harun/Desktop/testrepo/tmp/tmp/filex699 deleted!
/home/harun/Desktop/testrepo/tmp/tmp/filex7 deleted!
/home/harun/Desktop/testrepo/tmp/tmp/filex70 deleted!
/home/harun/Desktop/testrepo/tmp/tmp/filex700 deleted!
/home/harun/Desktop/testrepo/tmp/tmp/filex701 deleted!
/home/harun/Desktop/testrepo/tmp/tmp/filex702 deleted!
/home/harun/Desktop/testrepo/tmp/tmp/filex703 deleted!
/home/harun/Desktop/testrepo/tmp/tmp/filex704 deleted!
/home/harun/Desktop/testrepo/tmp/tmp/filex705 deleted!
/home/harun/Desktop/testrepo/tmp/tmp/filex706 deleted!
/home/harun/Desktop/testrepo/tmp/tmp/filex707 deleted!
/home/harun/Desktop/testrepo/tmp/tmp/filex708 deleted!
/home/harun/Desktop/testrepo/tmp/tmp/filex709 deleted!
/home/harun/Desktop/testrepo/tmp/tmp/filex71 deleted!
/home/harun/Desktop/testrepo/tmp/tmp/filex710 deleted!
/home/harun/Desktop/testrepo/tmp/tmp/filex711 deleted!
/home/harun/Desktop/testrepo/tmp/tmp/filex712 deleted!
/home/harun/Desktop/testrepo/tmp/tmp/filex713 deleted!
/home/harun/Desktop/testrepo/tmp/tmp/filex714 deleted!
/home/harun/Desktop/testrepo/tmp/tmp/filex715 deleted!
/home/harun/Desktop/testrepo/tmp/tmp/filex716 deleted!
/home/harun/Desktop/testrepo/tmp/tmp/filex717 deleted!
/home/harun/Desktop/testrepo/tmp/tmp/filex718 deleted!
/home/harun/Desktop/testrepo/tmp/tmp/filex719 deleted!
/home/harun/Desktop/testrepo/tmp/tmp/filex72 deleted!
/home/harun/Desktop/testrepo/tmp/tmp/filex720 deleted!
/home/harun/Desktop/testrepo/tmp/tmp/filex721 deleted!
/home/harun/Desktop/testrepo/tmp/tmp/filex722 deleted!
/home/harun/Desktop/testrepo/tmp/tmp/filex723 deleted!
/home/harun/Desktop/testrepo/tmp/tmp/filex724 deleted!
/home/harun/Desktop/testrepo/tmp/tmp/filex725 deleted!
/home/harun/Desktop/testrepo/tmp/tmp/filex726 deleted!
/home/harun/Desktop/testrepo/tmp/tmp/filex727 deleted!
/home/harun/Desktop/testrepo/tmp/tmp/filex728 deleted!
/home/harun/Desktop/testrepo/tmp/tmp/filex729 deleted!
/home/harun/Desktop/testrepo/tmp/tmp/filex73 deleted!
/home/harun/Desktop/testrepo/tmp/tmp/filex730 deleted!
/home/harun/Desktop/testrepo/tmp/tmp/filex731 deleted!
/home/harun/Desktop/testrepo/tmp/tmp/filex732 deleted!
/home/harun/Desktop/testrepo/tmp/tmp/filex733 deleted!
/home/harun/Desktop/testrepo/tmp/tmp/filex734 deleted!
/home/harun/Desktop/testrepo/tmp/tmp/filex735 deleted!
/home/harun/Desktop/testrepo/tmp/tmp/filex736 deleted!
/home/harun/Desktop/testrepo/tmp/tmp/filex737 deleted!
/home/harun/Desktop/testrepo/tmp/tmp/filex738 deleted!
/home/harun/Desktop/testrepo/tmp/tmp/filex739 deleted!
/home/harun/Desktop/testrepo/tmp/tmp/filex74 deleted!
/home/harun/Desktop/testrepo/tmp/tmp/filex740 deleted!
/home/harun/Desktop/testrepo/tmp/tmp/filex741 deleted!
/home/harun/Desktop/testrepo/tmp/tmp/filex742 deleted!
/home/harun/Desktop/testrepo/tmp/tmp/filex743 deleted!
/home/harun/Desktop/testrepo/tmp/tmp/filex744 deleted!
/home/harun/Desktop/testrepo/tmp/tmp/filex745 deleted!
/home/harun/Desktop/testrepo/tmp/tmp/filex746 deleted!
/home/harun/Desktop/testrepo/tmp/tmp/filex747 deleted!
/home/harun/Desktop/testrepo/tmp/tmp/filex748 deleted!
/home/harun/Desktop/testrepo/tmp/tmp/filex749 deleted!
/home/harun/Desktop/testrepo/tmp/tmp/filex75 deleted!
/home/harun/Desktop/testrepo/tmp/tmp/filex750 deleted!
/home/harun/Desktop/testrepo/tmp/tmp/filex751 deleted!
/home/harun/Desktop/testrepo/tmp/tmp/filex752 deleted!
/home/harun/Desktop/testrepo/tmp/tmp/filex753 deleted!
/home/harun/Desktop/testrepo/tmp/tmp/filex754 deleted!
/home/harun/Desktop/testrepo/tmp/tmp/filex755 deleted!
/home/harun/Desktop/testrepo/tmp/tmp/filex756 deleted!
/home/harun/Desktop/testrepo/tmp/tmp/filex757 deleted!
/home/harun/Desktop/testrepo/tmp/tmp/filex758 deleted!
/home/harun/Desktop/testrepo/tmp/tmp/filex759 deleted!
/home/harun/Desktop/testrepo/tmp/tmp/filex76 deleted!
/home/harun/Desktop/testrepo/tmp/tmp/filex760 deleted!
/home/harun/Desktop/testrepo/tmp/tmp/filex761 deleted!
/home/harun/Desktop/testrepo/tmp/tmp/filex762 deleted!
/home/harun/Desktop/testrepo/tmp/tmp/filex763 deleted!
/home/harun/Desktop/testrepo/tmp/tmp/filex764 deleted!
/home/harun/Desktop/testrepo/tmp/tmp/filex765 deleted!
/home/harun/Desktop/testrepo/tmp/tmp/filex766 deleted!
/home/harun/Desktop/testrepo/tmp/tmp/filex767 deleted!
/home/harun/Desktop/testrepo/tmp/tmp/filex768 deleted!
/home/harun/Desktop/testrepo/tmp/tmp/filex769 deleted!
/home/harun/Desktop/testrepo/tmp/tmp/filex77 deleted!
/home/harun/Desktop/testrepo/tmp/tmp/filex770 deleted!
/home/harun/Desktop/testrepo/tmp/tmp/filex771 deleted!
/home/harun/Desktop/testrepo/tmp/tmp/filex772 deleted!
/home/harun/Desktop/testrepo/tmp/tmp/filex773 deleted!
/home/harun/Desktop/testrepo/tmp/tmp/filex774 deleted!
/home/harun/Desktop/testrepo/tmp/tmp/filex775 deleted!
/home/harun/Desktop/testrepo/tmp/tmp/filex776 deleted!
/home/harun/Desktop/testrepo/tmp/tmp/filex777 deleted!
/home/harun/Desktop/testrepo/tmp/tmp/filex778 deleted!
/home/harun/Desktop/testrepo/tmp/tmp/filex779 deleted!
/home/harun/Desktop/testrepo/tmp/tmp/filex78 deleted!
/home/harun/Desktop/testrepo/tmp/tmp/filex780 deleted!
/home/harun/Desktop/testrepo/tmp/tmp/filex781 deleted!
/home/harun/Desktop/testrepo/tmp/tmp/filex782 deleted!
/home/harun/Desktop/testrepo/tmp/tmp/filex783 deleted!
/home/harun/Desktop/testrepo/tmp/tmp/filex784 deleted!
/home/harun/Desktop/testrepo/tmp/tmp/filex785 deleted!
/home/harun/Desktop/testrepo/tmp/tmp/filex786 deleted!
/home/harun/Desktop/testrepo/tmp/tmp/filex787 deleted!
/home/harun/Desktop/testrepo/tmp/tmp/filex788 deleted!
/home/harun/Desktop/testrepo/tmp/tmp/filex789 deleted!
/home/harun/Desktop/testrepo/tmp/tmp/filex79 deleted!
/home/harun/Desktop/testrepo/tmp/tmp/filex790 deleted!
/home/harun/Desktop/testrepo/tmp/tmp/filex791 deleted!
/home/harun/Desktop/testrepo/tmp/tmp/filex792 deleted!
/home/harun/Desktop/testrepo/tmp/tmp/filex793 deleted!
/home/harun/Desktop/testrepo/tmp/tmp/filex794 deleted!
/home/harun/Desktop/testrepo/tmp/tmp/filex795 deleted!
/home/harun/Desktop/testrepo/tmp/tmp/filex796 deleted!
/home/harun/Desktop/testrepo/tmp/tmp/filex797 deleted!
/home/harun/Desktop/testrepo/tmp/tmp/filex798 deleted!
/home/harun/Desktop/testrepo/tmp/tmp/filex799 deleted!
/home/harun/Desktop/testrepo/tmp/tmp/filex8 deleted!
/home/harun/Desktop/testrepo/tmp/tmp/filex80 deleted!
/home/harun/Desktop/testrepo/tmp/tmp/filex800 deleted!
/home/harun/Desktop/testrepo/tmp/tmp/filex801 deleted!
/home/harun/Desktop/testrepo/tmp/tmp/filex802 deleted!
/home/harun/Desktop/testrepo/tmp/tmp/filex803 deleted!
/home/harun/Desktop/testrepo/tmp/tmp/filex804 deleted!
/home/harun/Desktop/testrepo/tmp/tmp/filex805 deleted!
/home/harun/Desktop/testrepo/tmp/tmp/filex806 deleted!
/home/harun/Desktop/testrepo/tmp/tmp/filex807 deleted!
/home/harun/Desktop/testrepo/tmp/tmp/filex808 deleted!
/home/harun/Desktop/testrepo/tmp/tmp/filex809 deleted!
/home/harun/Desktop/testrepo/tmp/tmp/filex81 deleted!
/home/harun/Desktop/testrepo/tmp/tmp/filex810 deleted!
/home/harun/Desktop/testrepo/tmp/tmp/filex811 deleted!
/home/harun/Desktop/testrepo/tmp/tmp/filex812 deleted!
/home/harun/Desktop/testrepo/tmp/tmp/filex813 deleted!
/home/harun/Desktop/testrepo/tmp/tmp/filex814 deleted!
/home/harun/Desktop/testrepo/tmp/tmp/filex815 deleted!
/home/harun/Desktop/testrepo/tmp/tmp/filex816 deleted!
/home/harun/Desktop/testrepo/tmp/tmp/filex817 deleted!
/home/harun/Desktop/testrepo/tmp/tmp/filex818 deleted!
/home/harun/Desktop/testrepo/tmp/tmp/filex819 deleted!
/home/harun/Desktop/testrepo/tmp/tmp/filex82 deleted!
/home/harun/Desktop/testrepo/tmp/tmp/filex820 deleted!
/home/harun/Desktop/testrepo/tmp/tmp/filex821 deleted!
/home/harun/Desktop/testrepo/tmp/tmp/filex822 deleted!
/home/harun/Desktop/testrepo/tmp/tmp/filex823 deleted!
/home/harun/Desktop/testrepo/tmp/tmp/filex824 deleted!
/home/harun/Desktop/testrepo/tmp/tmp/filex825 deleted!
/home/harun/Desktop/testrepo/tmp/tmp/filex826 deleted!
/home/harun/Desktop/testrepo/tmp/tmp/filex827 deleted!
/home/harun/Desktop/testrepo/tmp/tmp/filex828 deleted!
/home/harun/Desktop/testrepo/tmp/tmp/filex829 deleted!
/home/harun/Desktop/testrepo/tmp/tmp/filex83 deleted!
/home/harun/Desktop/testrepo/tmp/tmp/filex830 deleted!
/home/harun/Desktop/testrepo/tmp/tmp/filex831 deleted!
/home/harun/Desktop/testrepo/tmp/tmp/filex832 deleted!
/home/harun/Desktop/testrepo/tmp/tmp/filex833 deleted!
/home/harun/Desktop/testrepo/tmp/tmp/filex834 deleted!
/home/harun/Desktop/testrepo/tmp/tmp/filex835 deleted!
/home/harun/Desktop/testrepo/tmp/tmp/filex836 deleted!
/home/harun/Desktop/testrepo/tmp/tmp/filex837 deleted!
/home/harun/Desktop/testrepo/tmp/tmp/filex838 deleted!
/home/harun/Desktop/testrepo/tmp/tmp/filex839 deleted!
/home/harun/Desktop/testrepo/tmp/tmp/filex84 deleted!
/home/harun/Desktop/testrepo/tmp/tmp/filex840 deleted!
/home/harun/Desktop/testrepo/tmp/tmp/filex841 deleted!
/home/harun/Desktop/testrepo/tmp/tmp/filex842 deleted!
/home/harun/Desktop/testrepo/tmp/tmp/filex843 deleted!
/home/harun/Desktop/testrepo/tmp/tmp/filex844 deleted!
/home/harun/Desktop/testrepo/tmp/tmp/filex845 deleted!
/home/harun/Desktop/testrepo/tmp/tmp/filex846 deleted!
/home/harun/Desktop/testrepo/tmp/tmp/filex847 deleted!
/home/harun/Desktop/testrepo/tmp/tmp/filex848 deleted!
/home/harun/Desktop/testrepo/tmp/tmp/filex849 deleted!
/home/harun/Desktop/testrepo/tmp/tmp/filex85 deleted!
/home/harun/Desktop/testrepo/tmp/tmp/filex850 deleted!
/home/harun/Desktop/testrepo/tmp/tmp/filex851 deleted!
/home/harun/Desktop/testrepo/tmp/tmp/filex852 deleted!
/home/harun/Desktop/testrepo/tmp/tmp/filex853 deleted!
/home/harun/Desktop/testrepo/tmp/tmp/filex854 deleted!
/home/harun/Desktop/testrepo/tmp/tmp/filex855 deleted!
/home/harun/Desktop/testrepo/tmp/tmp/filex856 deleted!
/home/harun/Desktop/testrepo/tmp/tmp/filex857 deleted!
/home/harun/Desktop/testrepo/tmp/tmp/filex858 deleted!
/home/harun/Desktop/testrepo/tmp/tmp/filex859 deleted!
/home/harun/Desktop/testrepo/tmp/tmp/filex86 deleted!
/home/harun/Desktop/testrepo/tmp/tmp/filex860 deleted!
/home/harun/Desktop/testrepo/tmp/tmp/filex861 deleted!
/home/harun/Desktop/testrepo/tmp/tmp/filex862 deleted!
/home/harun/Desktop/testrepo/tmp/tmp/filex863 deleted!
/home/harun/Desktop/testrepo/tmp/tmp/filex864 deleted!
/home/harun/Desktop/testrepo/tmp/tmp/filex865 deleted!
/home/harun/Desktop/testrepo/tmp/tmp/filex866 deleted!
/home/harun/Desktop/testrepo/tmp/tmp/filex867 deleted!
/home/harun/Desktop/testrepo/tmp/tmp/filex868 deleted!
/home/harun/Desktop/testrepo/tmp/tmp/filex869 deleted!
/home/harun/Desktop/testrepo/tmp/tmp/filex87 deleted!
/home/harun/Desktop/testrepo/tmp/tmp/filex870 deleted!
/home/harun/Desktop/testrepo/tmp/tmp/filex871 deleted!
/home/harun/Desktop/testrepo/tmp/tmp/filex872 deleted!
/home/harun/Desktop/testrepo/tmp/tmp/filex873 deleted!
/home/harun/Desktop/testrepo/tmp/tmp/filex874 deleted!
/home/harun/Desktop/testrepo/tmp/tmp/filex875 deleted!
/home/harun/Desktop/testrepo/tmp/tmp/filex876 deleted!
/home/harun/Desktop/testrepo/tmp/tmp/filex877 deleted!
/home/harun/Desktop/testrepo/tmp/tmp/filex878 deleted!
/home/harun/Desktop/testrepo/tmp/tmp/filex879 deleted!
/home/harun/Desktop/testrepo/tmp/tmp/filex88 deleted!
/home/harun/Desktop/testrepo/tmp/tmp/filex880 deleted!
/home/harun/Desktop/testrepo/tmp/tmp/filex881 deleted!
/home/harun/Desktop/testrepo/tmp/tmp/filex882 deleted!
/home/harun/Desktop/testrepo/tmp/tmp/filex883 deleted!
/home/harun/Desktop/testrepo/tmp/tmp/filex884 deleted!
/home/harun/Desktop/testrepo/tmp/tmp/filex885 deleted!
/home/harun/Desktop/testrepo/tmp/tmp/filex886 deleted!
/home/harun/Desktop/testrepo/tmp/tmp/filex887 deleted!
/home/harun/Desktop/testrepo/tmp/tmp/filex888 deleted!
/home/harun/Desktop/testrepo/tmp/tmp/filex889 deleted!
/home/harun/Desktop/testrepo/tmp/tmp/filex89 deleted!
/home/harun/Desktop/testrepo/tmp/tmp/filex890 deleted!
/home/harun/Desktop/testrepo/tmp/tmp/filex891 deleted!
/home/harun/Desktop/testrepo/tmp/tmp/filex892 deleted!
/home/harun/Desktop/testrepo/tmp/tmp/filex893 deleted!
/home/harun/Desktop/testrepo/tmp/tmp/filex894 deleted!
/home/harun/Desktop/testrepo/tmp/tmp/filex895 deleted!
/home/harun/Desktop/testrepo/tmp/tmp/filex896 deleted!
/home/harun/Desktop/testrepo/tmp/tmp/filex897 deleted!
/home/harun/Desktop/testrepo/tmp/tmp/filex898 deleted!
/home/harun/Desktop/testrepo/tmp/tmp/filex899 deleted!
/home/harun/Desktop/testrepo/tmp/tmp/filex9 deleted!
/home/harun/Desktop/testrepo/tmp/tmp/filex90 deleted!
/home/harun/Desktop/testrepo/tmp/tmp/filex900 deleted!
/home/harun/Desktop/testrepo/tmp/tmp/filex901 deleted!
/home/harun/Desktop/testrepo/tmp/tmp/filex902 deleted!
/home/harun/Desktop/testrepo/tmp/tmp/filex903 deleted!
/home/harun/Desktop/testrepo/tmp/tmp/filex904 deleted!
/home/harun/Desktop/testrepo/tmp/tmp/filex905 deleted!
/home/harun/Desktop/testrepo/tmp/tmp/filex906 deleted!
/home/harun/Desktop/testrepo/tmp/tmp/filex907 deleted!
/home/harun/Desktop/testrepo/tmp/tmp/filex908 deleted!
/home/harun/Desktop/testrepo/tmp/tmp/filex909 deleted!
/home/harun/Desktop/testrepo/tmp/tmp/filex91 deleted!
/home/harun/Desktop/testrepo/tmp/tmp/filex910 deleted!
/home/harun/Desktop/testrepo/tmp/tmp/filex911 deleted!
/home/harun/Desktop/testrepo/tmp/tmp/filex912 deleted!
/home/harun/Desktop/testrepo/tmp/tmp/filex913 deleted!
/home/harun/Desktop/testrepo/tmp/tmp/filex914 deleted!
/home/harun/Desktop/testrepo/tmp/tmp/filex915 deleted!
/home/harun/Desktop/testrepo/tmp/tmp/filex916 deleted!
/home/harun/Desktop/testrepo/tmp/tmp/filex917 deleted!
/home/harun/Desktop/testrepo/tmp/tmp/filex918 deleted!
/home/harun/Desktop/testrepo/tmp/tmp/filex919 deleted!
/home/harun/Desktop/testrepo/tmp/tmp/filex92 deleted!
/home/harun/Desktop/testrepo/tmp/tmp/filex920 deleted!
/home/harun/Desktop/testrepo/tmp/tmp/filex921 deleted!
/home/harun/Desktop/testrepo/tmp/tmp/filex922 deleted!
/home/harun/Desktop/testrepo/tmp/tmp/filex923 deleted!
/home/harun/Desktop/testrepo/tmp/tmp/filex924 deleted!
/home/harun/Desktop/testrepo/tmp/tmp/filex925 deleted!
/home/harun/Desktop/testrepo/tmp/tmp/filex926 deleted!
/home/harun/Desktop/testrepo/tmp/tmp/filex927 deleted!
/home/harun/Desktop/testrepo/tmp/tmp/filex928 deleted!
/home/harun/Desktop/testrepo/tmp/tmp/filex929 deleted!
/home/harun/Desktop/testrepo/tmp/tmp/filex93 deleted!
/home/harun/Desktop/testrepo/tmp/tmp/filex930 deleted!
/home/harun/Desktop/testrepo/tmp/tmp/filex931 deleted!
/home/harun/Desktop/testrepo/tmp/tmp/filex932 deleted!
/home/harun/Desktop/testrepo/tmp/tmp/filex933 deleted!
/home/harun/Desktop/testrepo/tmp/tmp/filex934 deleted!
/home/harun/Desktop/testrepo/tmp/tmp/filex935 deleted!
/home/harun/Desktop/testrepo/tmp/tmp/filex936 deleted!
/home/harun/Desktop/testrepo/tmp/tmp/filex937 deleted!
/home/harun/Desktop/testrepo/tmp/tmp/filex938 deleted!
/home/harun/Desktop/testrepo/tmp/tmp/filex939 deleted!
/home/harun/Desktop/testrepo/tmp/tmp/filex94 deleted!
/home/harun/Desktop/testrepo/tmp/tmp/filex940 deleted!
/home/harun/Desktop/testrepo/tmp/tmp/filex941 deleted!
/home/harun/Desktop/testrepo/tmp/tmp/filex942 deleted!
/home/harun/Desktop/testrepo/tmp/tmp/filex943 deleted!
/home/harun/Desktop/testrepo/tmp/tmp/filex944 deleted!
/home/harun/Desktop/testrepo/tmp/tmp/filex945 deleted!
/home/harun/Desktop/testrepo/tmp/tmp/filex946 deleted!
/home/harun/Desktop/testrepo/tmp/tmp/filex947 deleted!
/home/harun/Desktop/testrepo/tmp/tmp/filex948 deleted!
/home/harun/Desktop/testrepo/tmp/tmp/filex949 deleted!
/home/harun/Desktop/testrepo/tmp/tmp/filex95 deleted!
/home/harun/Desktop/testrepo/tmp/tmp/filex950 deleted!
/home/harun/Desktop/testrepo/tmp/tmp/filex951 deleted!
/home/harun/Desktop/testrepo/tmp/tmp/filex952 deleted!
/home/harun/Desktop/testrepo/tmp/tmp/filex953 deleted!
/home/harun/Desktop/testrepo/tmp/tmp/filex954 deleted!
/home/harun/Desktop/testrepo/tmp/tmp/filex955 deleted!
/home/harun/Desktop/testrepo/tmp/tmp/filex956 deleted!
/home/harun/Desktop/testrepo/tmp/tmp/filex957 deleted!
/home/harun/Desktop/testrepo/tmp/tmp/filex958 deleted!
/home/harun/Desktop/testrepo/tmp/tmp/filex959 deleted!
/home/harun/Desktop/testrepo/tmp/tmp/filex96 deleted!
/home/harun/Desktop/testrepo/tmp/tmp/filex960 deleted!
/home/harun/Desktop/testrepo/tmp/tmp/filex961 deleted!
/home/harun/Desktop/testrepo/tmp/tmp/filex962 deleted!
/home/harun/Desktop/testrepo/tmp/tmp/filex963 deleted!
/home/harun/Desktop/testrepo/tmp/tmp/filex964 deleted!
/home/harun/Desktop/testrepo/tmp/tmp/filex965 deleted!
/home/harun/Desktop/testrepo/tmp/tmp/filex966 deleted!
/home/harun/Desktop/testrepo/tmp/tmp/filex967 deleted!
/home/harun/Desktop/testrepo/tmp/tmp/filex968 deleted!
/home/harun/Desktop/testrepo/tmp/tmp/filex969 deleted!
/home/harun/Desktop/testrepo/tmp/tmp/filex97 deleted!
/home/harun/Desktop/testrepo/tmp/tmp/filex970 deleted!
/home/harun/Desktop/testrepo/tmp/tmp/filex971 deleted!
/home/harun/Desktop/testrepo/tmp/tmp/filex972 deleted!
/home/harun/Desktop/testrepo/tmp/tmp/filex973 deleted!
/home/harun/Desktop/testrepo/tmp/tmp/filex974 deleted!
/home/harun/Desktop/testrepo/tmp/tmp/filex975 deleted!
/home/harun/Desktop/testrepo/tmp/tmp/filex976 deleted!
/home/harun/Desktop/testrepo/tmp/tmp/filex977 deleted!
/home/harun/Desktop/testrepo/tmp/tmp/filex978 deleted!
/home/harun/Desktop/testrepo/tmp/tmp/filex979 deleted!
/home/harun/Desktop/testrepo/tmp/tmp/filex98 deleted!
/home/harun/Desktop/testrepo/tmp/tmp/filex980 deleted!
/home/harun/Desktop/testrepo/tmp/tmp/filex981 deleted!
/home/harun/Desktop/testrepo/tmp/tmp/filex982 deleted!
/home/harun/Desktop/testrepo/tmp/tmp/filex983 deleted!
/home/harun/Desktop/testrepo/tmp/tmp/filex984 deleted!
/home/harun/Desktop/testrepo/tmp/tmp/filex985 deleted!
/home/harun/Desktop/testrepo/tmp/tmp/filex986 deleted!
/home/harun/Desktop/testrepo/tmp/tmp/filex987 deleted!
/home/harun/Desktop/testrepo/tmp/tmp/filex988 deleted!
/home/harun/Desktop/testrepo/tmp/tmp/filex989 deleted!
/home/harun/Desktop/testrepo/tmp/tmp/filex99 deleted!
/home/harun/Desktop/testrepo/tmp/tmp/filex990 deleted!
/home/harun/Desktop/testrepo/tmp/tmp/filex991 deleted!
/home/harun/Desktop/testrepo/tmp/tmp/filex992 deleted!
/home/harun/Desktop/testrepo/tmp/tmp/filex993 deleted!
/home/harun/Desktop/testrepo/tmp/tmp/filex994 deleted!
/home/harun/Desktop/testrepo/tmp/tmp/filex995 deleted!
/home/harun/Desktop/testrepo/tmp/tmp/filex996 deleted!
/home/harun/Desktop/testrepo/tmp/tmp/filex997 deleted!
/home/harun/Desktop/testrepo/tmp/tmp/filex998 deleted!
/home/harun/Desktop/testrepo/tmp/tmp/filex999 deleted!



Deleted File Number: 999
Wrong File Name numbers: 4
